2021-01-28T16:32:19 - INFO - (011) Retorno da API. ( 32 itens )
2021-01-28T16:32:19 - AVISO - (010) StartListaSCCD
2021-01-28T16:32:20 - INFO - (004) Obtendo imagem. (d8870052-def2-48bd-83a3-70f5d9aca4cd.jpg)
2021-01-28T16:32:20 - AVISO - (007) Copia de arquivo: (./downloads/d8870052-def2-48bd-83a3-70f5d9aca4cd.jpg) => (D:/New/temp/SPO/SPO55841/DESCARGA/FOR/SPO55841_FOR_img_1.jpg) >> ({"success":true,"message":"Copia. OK.","origem":"./downloads/d8870052-def2-48bd-83a3-70f5d9aca4cd.jpg","destino":"D:/New/temp/SPO/SPO55841/DESCARGA/FOR/SPO55841_FOR_img_1.jpg"})
2021-01-28T16:32:20 - AVISO - (008) Exclusão de arquivo: (./downloads/d8870052-def2-48bd-83a3-70f5d9aca4cd.jpg) >> ({"success":true,"message":"Exclusão. OK.","file":"./downloads/d8870052-def2-48bd-83a3-70f5d9aca4cd.jpg"})
2021-01-28T16:32:20 - AVISO - (009) Registro de Baixa SCCD na API: ID:(1) >> ({"rowsAffected":1,"msg":"OK","Erro":"","success":true,"message":"Baixado com sucesso !!!","id":1})
2021-01-28T16:32:20 - INFO - (004) Obtendo imagem. (8b3f74d9-42f9-42fb-be22-3d6bf83c64df.jpg)
2021-01-28T16:32:21 - INFO - (004) Obtendo imagem. (ed70a146-1353-4a49-83f8-05756bf70416.jpg)
2021-01-28T16:32:21 - INFO - (004) Obtendo imagem. (a9a22d4b-614c-4713-bc15-8115a8b4fdac.jpg)
2021-01-28T16:32:22 - INFO - (004) Obtendo imagem. (df0046e1-7826-492f-8ca4-66b734df3999.jpg)
2021-01-28T16:32:22 - INFO - (004) Obtendo imagem. (0ba750d0-1915-4b53-8ccd-231c11537c56.jpg)
2021-01-28T16:32:22 - INFO - (004) Obtendo imagem. (2dd5f4a9-64d4-4136-a9a7-202b475cc5ce.jpg)
2021-01-28T16:32:22 - INFO - (004) Obtendo imagem. (72e55720-04da-48d2-b1b7-8a3454840f60.jpg)
2021-01-28T16:32:22 - INFO - (004) Obtendo imagem. (1043ebd9-f63c-43d9-b787-04ada7713c28.jpg)
2021-01-28T16:32:22 - INFO - (004) Obtendo imagem. (49170052-7f3c-42cc-b4d1-b3dc21bcdcc8.jpg)
2021-01-28T16:32:22 - INFO - (004) Obtendo imagem. (a11667f7-a287-495c-a129-273df20b117b.jpg)
2021-01-28T16:32:22 - INFO - (004) Obtendo imagem. (949468d9-9d01-4618-bcde-24bc69ffcaa9.jpg)
2021-01-28T16:32:22 - INFO - (004) Obtendo imagem. (4de9daea-85c5-4db2-b091-17681af529fe.jpg)
2021-01-28T16:32:22 - INFO - (004) Obtendo imagem. (c9aec9fb-20b7-4e69-b2f5-fe8ec542f4e8.jpg)
2021-01-28T16:32:22 - INFO - (004) Obtendo imagem. (8dca2888-9489-4f4c-9a8e-2fbd6fbfa9df.jpg)
2021-01-28T16:32:22 - INFO - (004) Obtendo imagem. (39fb6be2-d45c-442b-b366-70b4d6e365fe.jpg)
2021-01-28T16:32:22 - INFO - (004) Obtendo imagem. (cff626e3-cce3-4fa4-b8e5-6b53a1c93d16.jpg)
2021-01-28T16:32:22 - INFO - (004) Obtendo imagem. (2c978bfa-5fcf-4de2-9444-e5e49d4056a3.jpg)
2021-01-28T16:32:22 - INFO - (004) Obtendo imagem. (a69ea539-887e-401e-94f2-bd3a70642498.jpg)
2021-01-28T16:32:22 - INFO - (004) Obtendo imagem. (a040afd9-606b-4ad9-b29a-89c7460d9b50.jpg)
2021-01-28T16:32:22 - AVISO - (007) Copia de arquivo: (./downloads/8b3f74d9-42f9-42fb-be22-3d6bf83c64df.jpg) => (D:/New/temp/SAV/SAV6271/DESCARGA/FOR/SAV6271_FOR_img_1.jpg) >> ({"success":true,"message":"Copia. OK.","origem":"./downloads/8b3f74d9-42f9-42fb-be22-3d6bf83c64df.jpg","destino":"D:/New/temp/SAV/SAV6271/DESCARGA/FOR/SAV6271_FOR_img_1.jpg"})
2021-01-28T16:32:22 - AVISO - (007) Copia de arquivo: (./downloads/ed70a146-1353-4a49-83f8-05756bf70416.jpg) => (D:/New/temp/SPO/SPO55841/AVARIA/FOR/SPO55841_FOR_img_1.jpg) >> ({"success":true,"message":"Copia. OK.","origem":"./downloads/ed70a146-1353-4a49-83f8-05756bf70416.jpg","destino":"D:/New/temp/SPO/SPO55841/AVARIA/FOR/SPO55841_FOR_img_1.jpg"})
2021-01-28T16:32:22 - INFO - (004) Obtendo imagem. (afbd40a3-ecd9-454f-9e18-e53655efea28.jpg)
2021-01-28T16:32:22 - INFO - (004) Obtendo imagem. (69336cb0-d724-4cec-baa0-d00ce507a0f2.jpg)
2021-01-28T16:32:22 - AVISO - (008) Exclusão de arquivo: (./downloads/8b3f74d9-42f9-42fb-be22-3d6bf83c64df.jpg) >> ({"success":true,"message":"Exclusão. OK.","file":"./downloads/8b3f74d9-42f9-42fb-be22-3d6bf83c64df.jpg"})
2021-01-28T16:32:22 - AVISO - (008) Exclusão de arquivo: (./downloads/ed70a146-1353-4a49-83f8-05756bf70416.jpg) >> ({"success":true,"message":"Exclusão. OK.","file":"./downloads/ed70a146-1353-4a49-83f8-05756bf70416.jpg"})
2021-01-28T16:32:22 - AVISO - (007) Copia de arquivo: (./downloads/a9a22d4b-614c-4713-bc15-8115a8b4fdac.jpg) => (D:/New/temp/SPO/SPO55841/DESCARGA/FOR/SPO55841_FOR_img_2.jpg) >> ({"success":true,"message":"Copia. OK.","origem":"./downloads/a9a22d4b-614c-4713-bc15-8115a8b4fdac.jpg","destino":"D:/New/temp/SPO/SPO55841/DESCARGA/FOR/SPO55841_FOR_img_2.jpg"})
2021-01-28T16:32:22 - INFO - (004) Obtendo imagem. (97302b38-10ba-4c69-9576-82dbded0e4af.jpg)
2021-01-28T16:32:22 - INFO - (004) Obtendo imagem. (581c4d95-97f1-4280-9138-8c78cc690fcf.jpg)
2021-01-28T16:32:22 - INFO - (004) Obtendo imagem. (5a4f15d3-ce30-42d4-8e0f-e417cd37a3a2.jpg)
2021-01-28T16:32:22 - AVISO - (008) Exclusão de arquivo: (./downloads/a9a22d4b-614c-4713-bc15-8115a8b4fdac.jpg) >> ({"success":true,"message":"Exclusão. OK.","file":"./downloads/a9a22d4b-614c-4713-bc15-8115a8b4fdac.jpg"})
2021-01-28T16:32:22 - AVISO - (007) Copia de arquivo: (./downloads/df0046e1-7826-492f-8ca4-66b734df3999.jpg) => (D:/New/temp/SPO/SPO55841/VAZIO/FOR/SPO55841_FOR_img_1.jpg) >> ({"success":true,"message":"Copia. OK.","origem":"./downloads/df0046e1-7826-492f-8ca4-66b734df3999.jpg","destino":"D:/New/temp/SPO/SPO55841/VAZIO/FOR/SPO55841_FOR_img_1.jpg"})
2021-01-28T16:32:22 - INFO - (004) Obtendo imagem. (0a629a25-c6d6-4723-b1fd-822212ebfe7c.jpg)
2021-01-28T16:32:22 - INFO - (004) Obtendo imagem. (3a49cee3-0a4e-4ae5-afde-39b2d1b687c0.jpg)
2021-01-28T16:32:22 - AVISO - (008) Exclusão de arquivo: (./downloads/df0046e1-7826-492f-8ca4-66b734df3999.jpg) >> ({"success":true,"message":"Exclusão. OK.","file":"./downloads/df0046e1-7826-492f-8ca4-66b734df3999.jpg"})
2021-01-28T16:32:22 - AVISO - (007) Copia de arquivo: (./downloads/0ba750d0-1915-4b53-8ccd-231c11537c56.jpg) => (D:/New/temp/SPO/SPO55841/CARGA/FOR/SPO55841_FOR_img_1.jpg) >> ({"success":true,"message":"Copia. OK.","origem":"./downloads/0ba750d0-1915-4b53-8ccd-231c11537c56.jpg","destino":"D:/New/temp/SPO/SPO55841/CARGA/FOR/SPO55841_FOR_img_1.jpg"})
2021-01-28T16:32:22 - INFO - (004) Obtendo imagem. (972eddbe-8d70-4f5d-9d78-626faac0be77.jpg)
2021-01-28T16:32:22 - AVISO - (008) Exclusão de arquivo: (./downloads/0ba750d0-1915-4b53-8ccd-231c11537c56.jpg) >> ({"success":true,"message":"Exclusão. OK.","file":"./downloads/0ba750d0-1915-4b53-8ccd-231c11537c56.jpg"})
2021-01-28T16:32:22 - AVISO - (007) Copia de arquivo: (./downloads/2dd5f4a9-64d4-4136-a9a7-202b475cc5ce.jpg) => (D:/New/temp/SPO/SPO55841/CARGA/FOR/SPO55841_FOR_img_2.jpg) >> ({"success":true,"message":"Copia. OK.","origem":"./downloads/2dd5f4a9-64d4-4136-a9a7-202b475cc5ce.jpg","destino":"D:/New/temp/SPO/SPO55841/CARGA/FOR/SPO55841_FOR_img_2.jpg"})
2021-01-28T16:32:22 - INFO - (004) Obtendo imagem. (f02d220c-ea83-45de-bb8d-cd45c81737ba.jpg)
2021-01-28T16:32:22 - INFO - (004) Obtendo imagem. (05df92fc-3c6e-4574-929f-60492d3148d2.jpg)
2021-01-28T16:32:22 - AVISO - (008) Exclusão de arquivo: (./downloads/2dd5f4a9-64d4-4136-a9a7-202b475cc5ce.jpg) >> ({"success":true,"message":"Exclusão. OK.","file":"./downloads/2dd5f4a9-64d4-4136-a9a7-202b475cc5ce.jpg"})
2021-01-28T16:32:22 - AVISO - (007) Copia de arquivo: (./downloads/72e55720-04da-48d2-b1b7-8a3454840f60.jpg) => (D:/New/temp/SPO/SPO55952/DESCARGA/FOR/SPO55952_FOR_img_1.jpg) >> ({"success":true,"message":"Copia. OK.","origem":"./downloads/72e55720-04da-48d2-b1b7-8a3454840f60.jpg","destino":"D:/New/temp/SPO/SPO55952/DESCARGA/FOR/SPO55952_FOR_img_1.jpg"})
2021-01-28T16:32:22 - AVISO - (008) Exclusão de arquivo: (./downloads/72e55720-04da-48d2-b1b7-8a3454840f60.jpg) >> ({"success":true,"message":"Exclusão. OK.","file":"./downloads/72e55720-04da-48d2-b1b7-8a3454840f60.jpg"})
2021-01-28T16:32:22 - AVISO - (007) Copia de arquivo: (./downloads/1043ebd9-f63c-43d9-b787-04ada7713c28.jpg) => (D:/New/temp/SPO/SPO55952/DESCARGA/FOR/SPO55952_FOR_img_2.jpg) >> ({"success":true,"message":"Copia. OK.","origem":"./downloads/1043ebd9-f63c-43d9-b787-04ada7713c28.jpg","destino":"D:/New/temp/SPO/SPO55952/DESCARGA/FOR/SPO55952_FOR_img_2.jpg"})
2021-01-28T16:32:22 - INFO - (004) Obtendo imagem. (c8e14694-ce28-4a29-8e08-ea1a164d32c5.jpg)
2021-01-28T16:32:22 - AVISO - (007) Copia de arquivo: (./downloads/49170052-7f3c-42cc-b4d1-b3dc21bcdcc8.jpg) => (D:/New/temp/SPO/SPO55841/DESCARGA/FOR/SPO55841_FOR_img_3.jpg) >> ({"success":true,"message":"Copia. OK.","origem":"./downloads/49170052-7f3c-42cc-b4d1-b3dc21bcdcc8.jpg","destino":"D:/New/temp/SPO/SPO55841/DESCARGA/FOR/SPO55841_FOR_img_3.jpg"})
2021-01-28T16:32:22 - AVISO - (008) Exclusão de arquivo: (./downloads/1043ebd9-f63c-43d9-b787-04ada7713c28.jpg) >> ({"success":true,"message":"Exclusão. OK.","file":"./downloads/1043ebd9-f63c-43d9-b787-04ada7713c28.jpg"})
2021-01-28T16:32:22 - AVISO - (008) Exclusão de arquivo: (./downloads/49170052-7f3c-42cc-b4d1-b3dc21bcdcc8.jpg) >> ({"success":true,"message":"Exclusão. OK.","file":"./downloads/49170052-7f3c-42cc-b4d1-b3dc21bcdcc8.jpg"})
2021-01-28T16:32:22 - AVISO - (007) Copia de arquivo: (./downloads/a11667f7-a287-495c-a129-273df20b117b.jpg) => (D:/New/temp/NAT/NAT9330/CARGA/FOR/NAT9330_FOR_img_1.jpg) >> ({"success":true,"message":"Copia. OK.","origem":"./downloads/a11667f7-a287-495c-a129-273df20b117b.jpg","destino":"D:/New/temp/NAT/NAT9330/CARGA/FOR/NAT9330_FOR_img_1.jpg"})
2021-01-28T16:32:22 - INFO - (004) Obtendo imagem. (26a9d68c-29b0-49cb-b268-983aefd6a99b.jpg)
2021-01-28T16:32:22 - AVISO - (008) Exclusão de arquivo: (./downloads/a11667f7-a287-495c-a129-273df20b117b.jpg) >> ({"success":true,"message":"Exclusão. OK.","file":"./downloads/a11667f7-a287-495c-a129-273df20b117b.jpg"})
2021-01-28T16:32:22 - AVISO - (007) Copia de arquivo: (./downloads/949468d9-9d01-4618-bcde-24bc69ffcaa9.jpg) => (D:/New/temp/SPO/SPO55943/DESCARGA/FOR/SPO55943_FOR_img_1.jpg) >> ({"success":true,"message":"Copia. OK.","origem":"./downloads/949468d9-9d01-4618-bcde-24bc69ffcaa9.jpg","destino":"D:/New/temp/SPO/SPO55943/DESCARGA/FOR/SPO55943_FOR_img_1.jpg"})
2021-01-28T16:32:22 - AVISO - (008) Exclusão de arquivo: (./downloads/949468d9-9d01-4618-bcde-24bc69ffcaa9.jpg) >> ({"success":true,"message":"Exclusão. OK.","file":"./downloads/949468d9-9d01-4618-bcde-24bc69ffcaa9.jpg"})
2021-01-28T16:32:22 - AVISO - (007) Copia de arquivo: (./downloads/4de9daea-85c5-4db2-b091-17681af529fe.jpg) => (D:/New/temp/SPO/SPO55841/DESCARGA/FOR/SPO55841_FOR_img_4.jpg) >> ({"success":true,"message":"Copia. OK.","origem":"./downloads/4de9daea-85c5-4db2-b091-17681af529fe.jpg","destino":"D:/New/temp/SPO/SPO55841/DESCARGA/FOR/SPO55841_FOR_img_4.jpg"})
2021-01-28T16:32:22 - AVISO - (008) Exclusão de arquivo: (./downloads/4de9daea-85c5-4db2-b091-17681af529fe.jpg) >> ({"success":true,"message":"Exclusão. OK.","file":"./downloads/4de9daea-85c5-4db2-b091-17681af529fe.jpg"})
2021-01-28T16:32:22 - AVISO - (007) Copia de arquivo: (./downloads/8dca2888-9489-4f4c-9a8e-2fbd6fbfa9df.jpg) => (D:/New/temp/MEO/MEO6404/CARGA/FOR/MEO6404_FOR_img_1.jpg) >> ({"success":true,"message":"Copia. OK.","origem":"./downloads/8dca2888-9489-4f4c-9a8e-2fbd6fbfa9df.jpg","destino":"D:/New/temp/MEO/MEO6404/CARGA/FOR/MEO6404_FOR_img_1.jpg"})
2021-01-28T16:32:22 - AVISO - (008) Exclusão de arquivo: (./downloads/8dca2888-9489-4f4c-9a8e-2fbd6fbfa9df.jpg) >> ({"success":true,"message":"Exclusão. OK.","file":"./downloads/8dca2888-9489-4f4c-9a8e-2fbd6fbfa9df.jpg"})
2021-01-28T16:32:22 - AVISO - (020) Registro incluido com sucesso ALB : ID:(816295) >> ({"fieldCount":0,"affectedRows":1,"insertId":816295,"info":"","serverStatus":2,"warningStatus":1})
2021-01-28T16:32:22 - AVISO - (007) Copia de arquivo: (./downloads/39fb6be2-d45c-442b-b366-70b4d6e365fe.jpg) => (D:/New/temp/MEO/MEO6411/DESCARGA/FOR/MEO6411_FOR_img_1.jpg) >> ({"success":true,"message":"Copia. OK.","origem":"./downloads/39fb6be2-d45c-442b-b366-70b4d6e365fe.jpg","destino":"D:/New/temp/MEO/MEO6411/DESCARGA/FOR/MEO6411_FOR_img_1.jpg"})
2021-01-28T16:32:22 - AVISO - (008) Exclusão de arquivo: (./downloads/39fb6be2-d45c-442b-b366-70b4d6e365fe.jpg) >> ({"success":true,"message":"Exclusão. OK.","file":"./downloads/39fb6be2-d45c-442b-b366-70b4d6e365fe.jpg"})
2021-01-28T16:32:22 - AVISO - (007) Copia de arquivo: (./downloads/c9aec9fb-20b7-4e69-b2f5-fe8ec542f4e8.jpg) => (D:/New/temp/NAT/NAT9330/DESCARGA/FOR/NAT9330_FOR_img_1.jpg) >> ({"success":true,"message":"Copia. OK.","origem":"./downloads/c9aec9fb-20b7-4e69-b2f5-fe8ec542f4e8.jpg","destino":"D:/New/temp/NAT/NAT9330/DESCARGA/FOR/NAT9330_FOR_img_1.jpg"})
2021-01-28T16:32:22 - AVISO - (007) Copia de arquivo: (./downloads/cff626e3-cce3-4fa4-b8e5-6b53a1c93d16.jpg) => (D:/New/temp/SPO/SPO55943/CARGA/FOR/SPO55943_FOR_img_1.jpg) >> ({"success":true,"message":"Copia. OK.","origem":"./downloads/cff626e3-cce3-4fa4-b8e5-6b53a1c93d16.jpg","destino":"D:/New/temp/SPO/SPO55943/CARGA/FOR/SPO55943_FOR_img_1.jpg"})
2021-01-28T16:32:22 - AVISO - (008) Exclusão de arquivo: (./downloads/c9aec9fb-20b7-4e69-b2f5-fe8ec542f4e8.jpg) >> ({"success":true,"message":"Exclusão. OK.","file":"./downloads/c9aec9fb-20b7-4e69-b2f5-fe8ec542f4e8.jpg"})
2021-01-28T16:32:22 - AVISO - (008) Exclusão de arquivo: (./downloads/cff626e3-cce3-4fa4-b8e5-6b53a1c93d16.jpg) >> ({"success":true,"message":"Exclusão. OK.","file":"./downloads/cff626e3-cce3-4fa4-b8e5-6b53a1c93d16.jpg"})
2021-01-28T16:32:22 - AVISO - (007) Copia de arquivo: (./downloads/2c978bfa-5fcf-4de2-9444-e5e49d4056a3.jpg) => (D:/New/temp/SPO/SPO55943/DESCARGA/FOR/SPO55943_FOR_img_2.jpg) >> ({"success":true,"message":"Copia. OK.","origem":"./downloads/2c978bfa-5fcf-4de2-9444-e5e49d4056a3.jpg","destino":"D:/New/temp/SPO/SPO55943/DESCARGA/FOR/SPO55943_FOR_img_2.jpg"})
2021-01-28T16:32:22 - AVISO - (007) Copia de arquivo: (./downloads/a69ea539-887e-401e-94f2-bd3a70642498.jpg) => (D:/New/temp/MEO/MEO6411/CARGA/FOR/MEO6411_FOR_img_1.jpg) >> ({"success":true,"message":"Copia. OK.","origem":"./downloads/a69ea539-887e-401e-94f2-bd3a70642498.jpg","destino":"D:/New/temp/MEO/MEO6411/CARGA/FOR/MEO6411_FOR_img_1.jpg"})
2021-01-28T16:32:22 - AVISO - (008) Exclusão de arquivo: (./downloads/2c978bfa-5fcf-4de2-9444-e5e49d4056a3.jpg) >> ({"success":true,"message":"Exclusão. OK.","file":"./downloads/2c978bfa-5fcf-4de2-9444-e5e49d4056a3.jpg"})
2021-01-28T16:32:22 - AVISO - (008) Exclusão de arquivo: (./downloads/a69ea539-887e-401e-94f2-bd3a70642498.jpg) >> ({"success":true,"message":"Exclusão. OK.","file":"./downloads/a69ea539-887e-401e-94f2-bd3a70642498.jpg"})
2021-01-28T16:32:22 - AVISO - (007) Copia de arquivo: (./downloads/a040afd9-606b-4ad9-b29a-89c7460d9b50.jpg) => (D:/New/temp/SPO/SPO55841/DESCARGA/FOR/SPO55841_FOR_img_5.jpg) >> ({"success":true,"message":"Copia. OK.","origem":"./downloads/a040afd9-606b-4ad9-b29a-89c7460d9b50.jpg","destino":"D:/New/temp/SPO/SPO55841/DESCARGA/FOR/SPO55841_FOR_img_5.jpg"})
2021-01-28T16:32:22 - AVISO - (007) Copia de arquivo: (./downloads/afbd40a3-ecd9-454f-9e18-e53655efea28.jpg) => (D:/New/temp/SPO/SPO55952/AVARIA/FOR/SPO55952_FOR_img_1.jpg) >> ({"success":true,"message":"Copia. OK.","origem":"./downloads/afbd40a3-ecd9-454f-9e18-e53655efea28.jpg","destino":"D:/New/temp/SPO/SPO55952/AVARIA/FOR/SPO55952_FOR_img_1.jpg"})
2021-01-28T16:32:22 - AVISO - (008) Exclusão de arquivo: (./downloads/a040afd9-606b-4ad9-b29a-89c7460d9b50.jpg) >> ({"success":true,"message":"Exclusão. OK.","file":"./downloads/a040afd9-606b-4ad9-b29a-89c7460d9b50.jpg"})
2021-01-28T16:32:22 - AVISO - (008) Exclusão de arquivo: (./downloads/afbd40a3-ecd9-454f-9e18-e53655efea28.jpg) >> ({"success":true,"message":"Exclusão. OK.","file":"./downloads/afbd40a3-ecd9-454f-9e18-e53655efea28.jpg"})
2021-01-28T16:32:22 - AVISO - (007) Copia de arquivo: (./downloads/69336cb0-d724-4cec-baa0-d00ce507a0f2.jpg) => (D:/New/temp/SPO/SPO55943/DESCARGA/FOR/SPO55943_FOR_img_3.jpg) >> ({"success":true,"message":"Copia. OK.","origem":"./downloads/69336cb0-d724-4cec-baa0-d00ce507a0f2.jpg","destino":"D:/New/temp/SPO/SPO55943/DESCARGA/FOR/SPO55943_FOR_img_3.jpg"})
2021-01-28T16:32:22 - AVISO - (008) Exclusão de arquivo: (./downloads/69336cb0-d724-4cec-baa0-d00ce507a0f2.jpg) >> ({"success":true,"message":"Exclusão. OK.","file":"./downloads/69336cb0-d724-4cec-baa0-d00ce507a0f2.jpg"})
2021-01-28T16:32:22 - AVISO - (007) Copia de arquivo: (./downloads/97302b38-10ba-4c69-9576-82dbded0e4af.jpg) => (D:/New/temp/NAT/NAT9330/CARGA/FOR/NAT9330_FOR_img_2.jpg) >> ({"success":true,"message":"Copia. OK.","origem":"./downloads/97302b38-10ba-4c69-9576-82dbded0e4af.jpg","destino":"D:/New/temp/NAT/NAT9330/CARGA/FOR/NAT9330_FOR_img_2.jpg"})
2021-01-28T16:32:22 - WARNING - (012) Copia cancelada: (./downloads/5a4f15d3-ce30-42d4-8e0f-e417cd37a3a2.jpg) => (D:/New/temp/SPO/SPO55943/CARGA/FOR/SPO55943_FOR_img_2.jpg)
2021-01-28T16:32:22 - AVISO - (008) Exclusão de arquivo: (./downloads/97302b38-10ba-4c69-9576-82dbded0e4af.jpg) >> ({"success":true,"message":"Exclusão. OK.","file":"./downloads/97302b38-10ba-4c69-9576-82dbded0e4af.jpg"})
2021-01-28T16:32:22 - AVISO - (007) Copia de arquivo: (./downloads/581c4d95-97f1-4280-9138-8c78cc690fcf.jpg) => (D:/New/temp/SPO/SPO55943/CARGA/FOR/SPO55943_FOR_img_2.jpg) >> ({"success":true,"message":"Copia. OK.","origem":"./downloads/581c4d95-97f1-4280-9138-8c78cc690fcf.jpg","destino":"D:/New/temp/SPO/SPO55943/CARGA/FOR/SPO55943_FOR_img_2.jpg"})
2021-01-28T16:32:22 - AVISO - (008) Exclusão de arquivo: (./downloads/581c4d95-97f1-4280-9138-8c78cc690fcf.jpg) >> ({"success":true,"message":"Exclusão. OK.","file":"./downloads/581c4d95-97f1-4280-9138-8c78cc690fcf.jpg"})
2021-01-28T16:32:22 - AVISO - (007) Copia de arquivo: (./downloads/0a629a25-c6d6-4723-b1fd-822212ebfe7c.jpg) => (D:/New/temp/SPO/SPO55841/CARGA/FOR/SPO55841_FOR_img_3.jpg) >> ({"success":true,"message":"Copia. OK.","origem":"./downloads/0a629a25-c6d6-4723-b1fd-822212ebfe7c.jpg","destino":"D:/New/temp/SPO/SPO55841/CARGA/FOR/SPO55841_FOR_img_3.jpg"})
2021-01-28T16:32:22 - AVISO - (008) Exclusão de arquivo: (./downloads/0a629a25-c6d6-4723-b1fd-822212ebfe7c.jpg) >> ({"success":true,"message":"Exclusão. OK.","file":"./downloads/0a629a25-c6d6-4723-b1fd-822212ebfe7c.jpg"})
2021-01-28T16:32:22 - AVISO - (007) Copia de arquivo: (./downloads/3a49cee3-0a4e-4ae5-afde-39b2d1b687c0.jpg) => (D:/New/temp/NAT/NAT9330/CARGA/FOR/NAT9330_FOR_img_3.jpg) >> ({"success":true,"message":"Copia. OK.","origem":"./downloads/3a49cee3-0a4e-4ae5-afde-39b2d1b687c0.jpg","destino":"D:/New/temp/NAT/NAT9330/CARGA/FOR/NAT9330_FOR_img_3.jpg"})
2021-01-28T16:32:22 - AVISO - (008) Exclusão de arquivo: (./downloads/3a49cee3-0a4e-4ae5-afde-39b2d1b687c0.jpg) >> ({"success":true,"message":"Exclusão. OK.","file":"./downloads/3a49cee3-0a4e-4ae5-afde-39b2d1b687c0.jpg"})
2021-01-28T16:32:22 - AVISO - (007) Copia de arquivo: (./downloads/f02d220c-ea83-45de-bb8d-cd45c81737ba.jpg) => (D:/New/temp/SPO/SPO55845/VAZIO/FOR/SPO55845_FOR_img_1.jpg) >> ({"success":true,"message":"Copia. OK.","origem":"./downloads/f02d220c-ea83-45de-bb8d-cd45c81737ba.jpg","destino":"D:/New/temp/SPO/SPO55845/VAZIO/FOR/SPO55845_FOR_img_1.jpg"})
2021-01-28T16:32:22 - AVISO - (008) Exclusão de arquivo: (./downloads/f02d220c-ea83-45de-bb8d-cd45c81737ba.jpg) >> ({"success":true,"message":"Exclusão. OK.","file":"./downloads/f02d220c-ea83-45de-bb8d-cd45c81737ba.jpg"})
2021-01-28T16:32:22 - AVISO - (007) Copia de arquivo: (./downloads/05df92fc-3c6e-4574-929f-60492d3148d2.jpg) => (D:/New/temp/MEO/MEO6404/CARGA/FOR/MEO6404_FOR_img_2.jpg) >> ({"success":true,"message":"Copia. OK.","origem":"./downloads/05df92fc-3c6e-4574-929f-60492d3148d2.jpg","destino":"D:/New/temp/MEO/MEO6404/CARGA/FOR/MEO6404_FOR_img_2.jpg"})
2021-01-28T16:32:22 - AVISO - (007) Copia de arquivo: (./downloads/972eddbe-8d70-4f5d-9d78-626faac0be77.jpg) => (D:/New/temp/SPO/SPO55943/DESCARGA/FOR/SPO55943_FOR_img_4.jpg) >> ({"success":true,"message":"Copia. OK.","origem":"./downloads/972eddbe-8d70-4f5d-9d78-626faac0be77.jpg","destino":"D:/New/temp/SPO/SPO55943/DESCARGA/FOR/SPO55943_FOR_img_4.jpg"})
2021-01-28T16:32:22 - AVISO - (007) Copia de arquivo: (./downloads/c8e14694-ce28-4a29-8e08-ea1a164d32c5.jpg) => (D:/New/temp/MEO/MEO6404/DESCARGA/FOR/MEO6404_FOR_img_1.jpg) >> ({"success":true,"message":"Copia. OK.","origem":"./downloads/c8e14694-ce28-4a29-8e08-ea1a164d32c5.jpg","destino":"D:/New/temp/MEO/MEO6404/DESCARGA/FOR/MEO6404_FOR_img_1.jpg"})
2021-01-28T16:32:22 - AVISO - (008) Exclusão de arquivo: (./downloads/05df92fc-3c6e-4574-929f-60492d3148d2.jpg) >> ({"success":true,"message":"Exclusão. OK.","file":"./downloads/05df92fc-3c6e-4574-929f-60492d3148d2.jpg"})
2021-01-28T16:32:22 - AVISO - (008) Exclusão de arquivo: (./downloads/972eddbe-8d70-4f5d-9d78-626faac0be77.jpg) >> ({"success":true,"message":"Exclusão. OK.","file":"./downloads/972eddbe-8d70-4f5d-9d78-626faac0be77.jpg"})
2021-01-28T16:32:22 - AVISO - (008) Exclusão de arquivo: (./downloads/c8e14694-ce28-4a29-8e08-ea1a164d32c5.jpg) >> ({"success":true,"message":"Exclusão. OK.","file":"./downloads/c8e14694-ce28-4a29-8e08-ea1a164d32c5.jpg"})
2021-01-28T16:32:22 - AVISO - (007) Copia de arquivo: (./downloads/26a9d68c-29b0-49cb-b268-983aefd6a99b.jpg) => (D:/New/temp/SPO/SPO55943/VAZIO/FOR/SPO55943_FOR_img_1.jpg) >> ({"success":true,"message":"Copia. OK.","origem":"./downloads/26a9d68c-29b0-49cb-b268-983aefd6a99b.jpg","destino":"D:/New/temp/SPO/SPO55943/VAZIO/FOR/SPO55943_FOR_img_1.jpg"})
2021-01-28T16:32:22 - AVISO - (008) Exclusão de arquivo: (./downloads/26a9d68c-29b0-49cb-b268-983aefd6a99b.jpg) >> ({"success":true,"message":"Exclusão. OK.","file":"./downloads/26a9d68c-29b0-49cb-b268-983aefd6a99b.jpg"})
2021-01-28T16:32:22 - AVISO - (030) Registro incluido com sucesso ANX : ID:(102678) >> ({"fieldCount":0,"affectedRows":1,"insertId":102678,"info":"","serverStatus":2,"warningStatus":1})
2021-01-28T16:32:22 - AVISO - (009) Registro de Baixa SCCD na API: ID:(14) >> ({"rowsAffected":1,"msg":"OK","Erro":"","success":true,"message":"Baixado com sucesso !!!","id":14})
2021-01-28T16:32:23 - AVISO - (009) Registro de Baixa SCCD na API: ID:(2) >> ({"rowsAffected":1,"msg":"OK","Erro":"","success":true,"message":"Baixado com sucesso !!!","id":2})
2021-01-28T16:32:23 - AVISO - (009) Registro de Baixa SCCD na API: ID:(4) >> ({"rowsAffected":1,"msg":"OK","Erro":"","success":true,"message":"Baixado com sucesso !!!","id":4})
2021-01-28T16:32:23 - AVISO - (009) Registro de Baixa SCCD na API: ID:(6) >> ({"rowsAffected":1,"msg":"OK","Erro":"","success":true,"message":"Baixado com sucesso !!!","id":6})
2021-01-28T16:32:23 - AVISO - (009) Registro de Baixa SCCD na API: ID:(8) >> ({"rowsAffected":1,"msg":"OK","Erro":"","success":true,"message":"Baixado com sucesso !!!","id":8})
2021-01-28T16:32:23 - AVISO - (009) Registro de Baixa SCCD na API: ID:(7) >> ({"rowsAffected":1,"msg":"OK","Erro":"","success":true,"message":"Baixado com sucesso !!!","id":7})
2021-01-28T16:32:23 - AVISO - (009) Registro de Baixa SCCD na API: ID:(17) >> ({"rowsAffected":1,"msg":"OK","Erro":"","success":true,"message":"Baixado com sucesso !!!","id":17})
2021-01-28T16:32:23 - AVISO - (009) Registro de Baixa SCCD na API: ID:(18) >> ({"rowsAffected":1,"msg":"OK","Erro":"","success":true,"message":"Baixado com sucesso !!!","id":18})
2021-01-28T16:32:23 - AVISO - (009) Registro de Baixa SCCD na API: ID:(13) >> ({"rowsAffected":1,"msg":"OK","Erro":"","success":true,"message":"Baixado com sucesso !!!","id":13})
2021-01-28T16:32:23 - AVISO - (009) Registro de Baixa SCCD na API: ID:(25) >> ({"rowsAffected":1,"msg":"OK","Erro":"","success":true,"message":"Baixado com sucesso !!!","id":25})
2021-01-28T16:32:23 - AVISO - (009) Registro de Baixa SCCD na API: ID:(16) >> ({"rowsAffected":1,"msg":"OK","Erro":"","success":true,"message":"Baixado com sucesso !!!","id":16})
2021-01-28T16:32:23 - AVISO - (009) Registro de Baixa SCCD na API: ID:(31) >> ({"rowsAffected":1,"msg":"OK","Erro":"","success":true,"message":"Baixado com sucesso !!!","id":31})
2021-01-28T16:32:23 - AVISO - (009) Registro de Baixa SCCD na API: ID:(5) >> ({"rowsAffected":1,"msg":"OK","Erro":"","success":true,"message":"Baixado com sucesso !!!","id":5})
2021-01-28T16:32:23 - AVISO - (009) Registro de Baixa SCCD na API: ID:(28) >> ({"rowsAffected":1,"msg":"OK","Erro":"","success":true,"message":"Baixado com sucesso !!!","id":28})
2021-01-28T16:32:23 - AVISO - (009) Registro de Baixa SCCD na API: ID:(10) >> ({"rowsAffected":1,"msg":"OK","Erro":"","success":true,"message":"Baixado com sucesso !!!","id":10})
2021-01-28T16:32:23 - AVISO - (009) Registro de Baixa SCCD na API: ID:(26) >> ({"rowsAffected":1,"msg":"OK","Erro":"","success":true,"message":"Baixado com sucesso !!!","id":26})
2021-01-28T16:32:23 - AVISO - (009) Registro de Baixa SCCD na API: ID:(20) >> ({"rowsAffected":1,"msg":"OK","Erro":"","success":true,"message":"Baixado com sucesso !!!","id":20})
2021-01-28T16:32:23 - AVISO - (009) Registro de Baixa SCCD na API: ID:(29) >> ({"rowsAffected":1,"msg":"OK","Erro":"","success":true,"message":"Baixado com sucesso !!!","id":29})
2021-01-28T16:32:23 - AVISO - (009) Registro de Baixa SCCD na API: ID:(3) >> ({"rowsAffected":1,"msg":"OK","Erro":"","success":true,"message":"Baixado com sucesso !!!","id":3})
2021-01-28T16:32:23 - AVISO - (009) Registro de Baixa SCCD na API: ID:(19) >> ({"rowsAffected":1,"msg":"OK","Erro":"","success":true,"message":"Baixado com sucesso !!!","id":19})
2021-01-28T16:32:23 - AVISO - (009) Registro de Baixa SCCD na API: ID:(21) >> ({"rowsAffected":1,"msg":"OK","Erro":"","success":true,"message":"Baixado com sucesso !!!","id":21})
2021-01-28T16:32:23 - AVISO - (009) Registro de Baixa SCCD na API: ID:(22) >> ({"rowsAffected":1,"msg":"OK","Erro":"","success":true,"message":"Baixado com sucesso !!!","id":22})
2021-01-28T16:32:23 - AVISO - (009) Registro de Baixa SCCD na API: ID:(11) >> ({"rowsAffected":1,"msg":"OK","Erro":"","success":true,"message":"Baixado com sucesso !!!","id":11})
2021-01-28T16:32:23 - AVISO - (009) Registro de Baixa SCCD na API: ID:(15) >> ({"rowsAffected":1,"msg":"OK","Erro":"","success":true,"message":"Baixado com sucesso !!!","id":15})
2021-01-28T16:32:23 - AVISO - (009) Registro de Baixa SCCD na API: ID:(12) >> ({"rowsAffected":1,"msg":"OK","Erro":"","success":true,"message":"Baixado com sucesso !!!","id":12})
2021-01-28T16:32:23 - AVISO - (009) Registro de Baixa SCCD na API: ID:(9) >> ({"rowsAffected":1,"msg":"OK","Erro":"","success":true,"message":"Baixado com sucesso !!!","id":9})
2021-01-28T16:32:23 - AVISO - (009) Registro de Baixa SCCD na API: ID:(30) >> ({"rowsAffected":1,"msg":"OK","Erro":"","success":true,"message":"Baixado com sucesso !!!","id":30})
2021-01-28T16:32:23 - AVISO - (009) Registro de Baixa SCCD na API: ID:(24) >> ({"rowsAffected":1,"msg":"OK","Erro":"","success":true,"message":"Baixado com sucesso !!!","id":24})
2021-01-28T16:32:23 - AVISO - (009) Registro de Baixa SCCD na API: ID:(32) >> ({"rowsAffected":1,"msg":"OK","Erro":"","success":true,"message":"Baixado com sucesso !!!","id":32})
2021-01-28T16:32:23 - AVISO - (009) Registro de Baixa SCCD na API: ID:(27) >> ({"rowsAffected":1,"msg":"OK","Erro":"","success":true,"message":"Baixado com sucesso !!!","id":27})
2021-01-28T16:32:24 - WARNING - (050) Processo pendente na API: ID:(1)
2021-01-28T16:32:36 - AVISO - (020) Registro incluido com sucesso ALB : ID:(816296) >> ({"fieldCount":0,"affectedRows":1,"insertId":816296,"info":"","serverStatus":2,"warningStatus":1})
2021-01-28T16:32:36 - AVISO - (020) Registro incluido com sucesso ALB : ID:(816298) >> ({"fieldCount":0,"affectedRows":1,"insertId":816298,"info":"","serverStatus":2,"warningStatus":1})
2021-01-28T16:32:36 - AVISO - (020) Registro incluido com sucesso ALB : ID:(816297) >> ({"fieldCount":0,"affectedRows":1,"insertId":816297,"info":"","serverStatus":2,"warningStatus":1})
2021-01-28T16:32:36 - AVISO - (020) Registro incluido com sucesso ALB : ID:(816299) >> ({"fieldCount":0,"affectedRows":1,"insertId":816299,"info":"","serverStatus":2,"warningStatus":1})
2021-01-28T16:32:36 - AVISO - (020) Registro incluido com sucesso ALB : ID:(816300) >> ({"fieldCount":0,"affectedRows":1,"insertId":816300,"info":"","serverStatus":2,"warningStatus":1})
2021-01-28T16:32:36 - AVISO - (020) Registro incluido com sucesso ALB : ID:(816301) >> ({"fieldCount":0,"affectedRows":1,"insertId":816301,"info":"","serverStatus":2,"warningStatus":1})
2021-01-28T16:32:36 - AVISO - (020) Registro incluido com sucesso ALB : ID:(816302) >> ({"fieldCount":0,"affectedRows":1,"insertId":816302,"info":"","serverStatus":2,"warningStatus":1})
2021-01-28T16:32:36 - AVISO - (020) Registro incluido com sucesso ALB : ID:(816303) >> ({"fieldCount":0,"affectedRows":1,"insertId":816303,"info":"","serverStatus":2,"warningStatus":1})
2021-01-28T16:32:36 - AVISO - (020) Registro incluido com sucesso ALB : ID:(816304) >> ({"fieldCount":0,"affectedRows":1,"insertId":816304,"info":"","serverStatus":2,"warningStatus":1})
2021-01-28T16:32:36 - AVISO - (020) Registro incluido com sucesso ALB : ID:(816305) >> ({"fieldCount":0,"affectedRows":1,"insertId":816305,"info":"","serverStatus":2,"warningStatus":1})
2021-01-28T16:32:36 - AVISO - (020) Registro incluido com sucesso ALB : ID:(816306) >> ({"fieldCount":0,"affectedRows":1,"insertId":816306,"info":"","serverStatus":2,"warningStatus":1})
2021-01-28T16:32:36 - AVISO - (020) Registro incluido com sucesso ALB : ID:(816307) >> ({"fieldCount":0,"affectedRows":1,"insertId":816307,"info":"","serverStatus":2,"warningStatus":1})
2021-01-28T16:32:36 - AVISO - (020) Registro incluido com sucesso ALB : ID:(816308) >> ({"fieldCount":0,"affectedRows":1,"insertId":816308,"info":"","serverStatus":2,"warningStatus":1})
2021-01-28T16:32:36 - AVISO - (020) Registro incluido com sucesso ALB : ID:(816309) >> ({"fieldCount":0,"affectedRows":1,"insertId":816309,"info":"","serverStatus":2,"warningStatus":1})
2021-01-28T16:32:36 - AVISO - (020) Registro incluido com sucesso ALB : ID:(816310) >> ({"fieldCount":0,"affectedRows":1,"insertId":816310,"info":"","serverStatus":2,"warningStatus":1})
2021-01-28T16:32:36 - AVISO - (020) Registro incluido com sucesso ALB : ID:(816311) >> ({"fieldCount":0,"affectedRows":1,"insertId":816311,"info":"","serverStatus":2,"warningStatus":1})
2021-01-28T16:32:36 - AVISO - (020) Registro incluido com sucesso ALB : ID:(816312) >> ({"fieldCount":0,"affectedRows":1,"insertId":816312,"info":"","serverStatus":2,"warningStatus":1})
2021-01-28T16:32:36 - AVISO - (020) Registro incluido com sucesso ALB : ID:(816313) >> ({"fieldCount":0,"affectedRows":1,"insertId":816313,"info":"","serverStatus":2,"warningStatus":1})
2021-01-28T16:32:36 - AVISO - (020) Registro incluido com sucesso ALB : ID:(816314) >> ({"fieldCount":0,"affectedRows":1,"insertId":816314,"info":"","serverStatus":2,"warningStatus":1})
2021-01-28T16:32:36 - AVISO - (020) Registro incluido com sucesso ALB : ID:(816315) >> ({"fieldCount":0,"affectedRows":1,"insertId":816315,"info":"","serverStatus":2,"warningStatus":1})
2021-01-28T16:32:36 - AVISO - (020) Registro incluido com sucesso ALB : ID:(816316) >> ({"fieldCount":0,"affectedRows":1,"insertId":816316,"info":"","serverStatus":2,"warningStatus":1})
2021-01-28T16:32:36 - AVISO - (020) Registro incluido com sucesso ALB : ID:(816317) >> ({"fieldCount":0,"affectedRows":1,"insertId":816317,"info":"","serverStatus":2,"warningStatus":1})
2021-01-28T16:32:36 - AVISO - (020) Registro incluido com sucesso ALB : ID:(816318) >> ({"fieldCount":0,"affectedRows":1,"insertId":816318,"info":"","serverStatus":2,"warningStatus":1})
2021-01-28T16:32:36 - AVISO - (020) Registro incluido com sucesso ALB : ID:(816319) >> ({"fieldCount":0,"affectedRows":1,"insertId":816319,"info":"","serverStatus":2,"warningStatus":1})
2021-01-28T16:32:36 - AVISO - (030) Registro incluido com sucesso ANX : ID:(102679) >> ({"fieldCount":0,"affectedRows":1,"insertId":102679,"info":"","serverStatus":2,"warningStatus":1})
2021-01-28T16:32:36 - AVISO - (030) Registro incluido com sucesso ANX : ID:(102680) >> ({"fieldCount":0,"affectedRows":1,"insertId":102680,"info":"","serverStatus":2,"warningStatus":1})
2021-01-28T16:32:36 - AVISO - (030) Registro incluido com sucesso ANX : ID:(102681) >> ({"fieldCount":0,"affectedRows":1,"insertId":102681,"info":"","serverStatus":2,"warningStatus":1})
2021-01-28T16:32:37 - AVISO - (030) Registro incluido com sucesso ANX : ID:(102682) >> ({"fieldCount":0,"affectedRows":1,"insertId":102682,"info":"","serverStatus":2,"warningStatus":1})
2021-01-28T16:32:37 - AVISO - (030) Registro incluido com sucesso ANX : ID:(102683) >> ({"fieldCount":0,"affectedRows":1,"insertId":102683,"info":"","serverStatus":2,"warningStatus":1})
2021-01-28T16:32:37 - AVISO - (030) Registro incluido com sucesso ANX : ID:(102684) >> ({"fieldCount":0,"affectedRows":1,"insertId":102684,"info":"","serverStatus":2,"warningStatus":1})
2021-01-28T16:32:37 - AVISO - (030) Registro incluido com sucesso ANX : ID:(102685) >> ({"fieldCount":0,"affectedRows":1,"insertId":102685,"info":"","serverStatus":2,"warningStatus":1})
2021-01-28T16:32:37 - AVISO - (030) Registro incluido com sucesso ANX : ID:(102686) >> ({"fieldCount":0,"affectedRows":1,"insertId":102686,"info":"","serverStatus":2,"warningStatus":1})
2021-01-28T16:32:37 - AVISO - (030) Registro incluido com sucesso ANX : ID:(102687) >> ({"fieldCount":0,"affectedRows":1,"insertId":102687,"info":"","serverStatus":2,"warningStatus":1})
2021-01-28T16:32:37 - AVISO - (030) Registro incluido com sucesso ANX : ID:(102688) >> ({"fieldCount":0,"affectedRows":1,"insertId":102688,"info":"","serverStatus":2,"warningStatus":1})
2021-01-28T16:32:37 - AVISO - (030) Registro incluido com sucesso ANX : ID:(102689) >> ({"fieldCount":0,"affectedRows":1,"insertId":102689,"info":"","serverStatus":2,"warningStatus":1})
2021-01-28T16:32:37 - AVISO - (030) Registro incluido com sucesso ANX : ID:(102690) >> ({"fieldCount":0,"affectedRows":1,"insertId":102690,"info":"","serverStatus":2,"warningStatus":1})
2021-01-28T16:32:37 - AVISO - (030) Registro incluido com sucesso ANX : ID:(102691) >> ({"fieldCount":0,"affectedRows":1,"insertId":102691,"info":"","serverStatus":2,"warningStatus":1})
2021-01-28T16:32:37 - AVISO - (030) Registro incluido com sucesso ANX : ID:(102692) >> ({"fieldCount":0,"affectedRows":1,"insertId":102692,"info":"","serverStatus":2,"warningStatus":1})
2021-01-28T16:32:37 - AVISO - (030) Registro incluido com sucesso ANX : ID:(102693) >> ({"fieldCount":0,"affectedRows":1,"insertId":102693,"info":"","serverStatus":2,"warningStatus":1})
2021-01-28T16:32:37 - AVISO - (030) Registro incluido com sucesso ANX : ID:(102694) >> ({"fieldCount":0,"affectedRows":1,"insertId":102694,"info":"","serverStatus":2,"warningStatus":1})
2021-01-28T16:32:37 - AVISO - (030) Registro incluido com sucesso ANX : ID:(102695) >> ({"fieldCount":0,"affectedRows":1,"insertId":102695,"info":"","serverStatus":2,"warningStatus":1})
2021-01-28T16:32:37 - AVISO - (030) Registro incluido com sucesso ANX : ID:(102696) >> ({"fieldCount":0,"affectedRows":1,"insertId":102696,"info":"","serverStatus":2,"warningStatus":1})
2021-01-28T16:32:37 - AVISO - (030) Registro incluido com sucesso ANX : ID:(102697) >> ({"fieldCount":0,"affectedRows":1,"insertId":102697,"info":"","serverStatus":2,"warningStatus":1})
2021-01-28T16:32:37 - AVISO - (030) Registro incluido com sucesso ANX : ID:(102698) >> ({"fieldCount":0,"affectedRows":1,"insertId":102698,"info":"","serverStatus":2,"warningStatus":1})
2021-01-28T16:32:37 - AVISO - (030) Registro incluido com sucesso ANX : ID:(102699) >> ({"fieldCount":0,"affectedRows":1,"insertId":102699,"info":"","serverStatus":2,"warningStatus":1})
2021-01-28T16:32:37 - AVISO - (030) Registro incluido com sucesso ANX : ID:(102700) >> ({"fieldCount":0,"affectedRows":1,"insertId":102700,"info":"","serverStatus":2,"warningStatus":1})
2021-01-28T16:32:37 - AVISO - (030) Registro incluido com sucesso ANX : ID:(102701) >> ({"fieldCount":0,"affectedRows":1,"insertId":102701,"info":"","serverStatus":2,"warningStatus":1})
2021-01-28T16:32:37 - AVISO - (030) Registro incluido com sucesso ANX : ID:(102702) >> ({"fieldCount":0,"affectedRows":1,"insertId":102702,"info":"","serverStatus":2,"warningStatus":1})
2021-01-28T16:32:37 - AVISO - (030) Registro incluido com sucesso ANX : ID:(102703) >> ({"fieldCount":0,"affectedRows":1,"insertId":102703,"info":"","serverStatus":2,"warningStatus":1})
2021-01-28T16:32:37 - AVISO - (030) Registro incluido com sucesso ANX : ID:(102704) >> ({"fieldCount":0,"affectedRows":1,"insertId":102704,"info":"","serverStatus":2,"warningStatus":1})
2021-01-28T16:32:37 - AVISO - (030) Registro incluido com sucesso ANX : ID:(102705) >> ({"fieldCount":0,"affectedRows":1,"insertId":102705,"info":"","serverStatus":2,"warningStatus":1})
2021-01-28T16:32:38 - WARNING - (050) Processo pendente na API: ID:(17)
2021-01-28T16:32:38 - WARNING - (050) Processo pendente na API: ID:(18)
2021-01-28T16:32:38 - WARNING - (050) Processo pendente na API: ID:(25)
2021-01-28T16:32:38 - WARNING - (050) Processo pendente na API: ID:(16)
2021-01-28T16:32:38 - WARNING - (050) Processo pendente na API: ID:(5)
2021-01-28T16:32:39 - WARNING - (050) Processo pendente na API: ID:(20)
2021-01-28T16:32:39 - WARNING - (050) Processo pendente na API: ID:(3)
2021-01-28T16:32:39 - WARNING - (050) Processo pendente na API: ID:(21)
2021-01-28T16:32:39 - WARNING - (050) Processo pendente na API: ID:(24)
2021-01-28T16:32:39 - WARNING - (050) Processo pendente na API: ID:(14)
2021-01-28T16:32:39 - WARNING - (050) Processo pendente na API: ID:(2)
2021-01-28T16:32:39 - WARNING - (050) Processo pendente na API: ID:(4)
2021-01-28T16:32:39 - WARNING - (050) Processo pendente na API: ID:(8)
2021-01-28T16:32:39 - WARNING - (050) Processo pendente na API: ID:(6)
2021-01-28T16:32:39 - WARNING - (050) Processo pendente na API: ID:(13)
2021-01-28T16:32:39 - WARNING - (050) Processo pendente na API: ID:(7)
2021-01-28T16:32:39 - WARNING - (050) Processo pendente na API: ID:(31)
2021-01-28T16:32:39 - WARNING - (050) Processo pendente na API: ID:(28)
2021-01-28T16:32:39 - WARNING - (050) Processo pendente na API: ID:(10)
2021-01-28T16:32:39 - WARNING - (050) Processo pendente na API: ID:(26)
2021-01-28T16:32:39 - WARNING - (050) Processo pendente na API: ID:(19)
2021-01-28T16:32:39 - WARNING - (050) Processo pendente na API: ID:(29)
2021-01-28T16:32:39 - WARNING - (050) Processo pendente na API: ID:(22)
2021-01-28T16:32:39 - WARNING - (050) Processo pendente na API: ID:(15)
2021-01-28T16:32:39 - WARNING - (050) Processo pendente na API: ID:(11)
2021-01-28T16:32:39 - WARNING - (050) Processo pendente na API: ID:(9)
2021-01-28T16:32:39 - WARNING - (050) Processo pendente na API: ID:(12)
2021-01-28T16:32:39 - WARNING - (050) Processo pendente na API: ID:(30)
2021-01-28T16:32:39 - WARNING - (050) Processo pendente na API: ID:(32)
2021-01-28T16:32:39 - WARNING - (050) Processo pendente na API: ID:(27)
2021-01-28T16:36:11 - INFO - (011) Retorno da API. ( 32 itens )
2021-01-28T16:36:11 - AVISO - (010) StartListaSCCD
2021-01-28T16:36:11 - INFO - (004) Obtendo imagem. (d8870052-def2-48bd-83a3-70f5d9aca4cd.jpg)
2021-01-28T16:36:12 - AVISO - (007) Copia de arquivo: (./downloads/d8870052-def2-48bd-83a3-70f5d9aca4cd.jpg) => (D:/New/temp/SPO/SPO55841/DESCARGA/FOR/SPO55841_FOR_img_1.jpg) >> ({"success":true,"message":"Copia. OK.","origem":"./downloads/d8870052-def2-48bd-83a3-70f5d9aca4cd.jpg","destino":"D:/New/temp/SPO/SPO55841/DESCARGA/FOR/SPO55841_FOR_img_1.jpg"})
2021-01-28T16:36:12 - AVISO - (008) Exclusão de arquivo: (./downloads/d8870052-def2-48bd-83a3-70f5d9aca4cd.jpg) >> ({"success":true,"message":"Exclusão. OK.","file":"./downloads/d8870052-def2-48bd-83a3-70f5d9aca4cd.jpg"})
2021-01-28T16:36:12 - AVISO - (009) Registro de Baixa SCCD na API: ID:(1) >> ({"rowsAffected":1,"msg":"OK","Erro":"","success":true,"message":"Baixado com sucesso !!!","id":1})
2021-01-28T16:36:12 - INFO - (004) Obtendo imagem. (8b3f74d9-42f9-42fb-be22-3d6bf83c64df.jpg)
2021-01-28T16:36:12 - INFO - (004) Obtendo imagem. (ed70a146-1353-4a49-83f8-05756bf70416.jpg)
2021-01-28T16:36:13 - INFO - (004) Obtendo imagem. (a040afd9-606b-4ad9-b29a-89c7460d9b50.jpg)
2021-01-28T16:36:13 - INFO - (004) Obtendo imagem. (a9a22d4b-614c-4713-bc15-8115a8b4fdac.jpg)
2021-01-28T16:36:13 - INFO - (004) Obtendo imagem. (1043ebd9-f63c-43d9-b787-04ada7713c28.jpg)
2021-01-28T16:36:13 - INFO - (004) Obtendo imagem. (72e55720-04da-48d2-b1b7-8a3454840f60.jpg)
2021-01-28T16:36:13 - INFO - (004) Obtendo imagem. (0ba750d0-1915-4b53-8ccd-231c11537c56.jpg)
2021-01-28T16:36:13 - INFO - (004) Obtendo imagem. (49170052-7f3c-42cc-b4d1-b3dc21bcdcc8.jpg)
2021-01-28T16:36:13 - INFO - (004) Obtendo imagem. (949468d9-9d01-4618-bcde-24bc69ffcaa9.jpg)
2021-01-28T16:36:13 - INFO - (004) Obtendo imagem. (df0046e1-7826-492f-8ca4-66b734df3999.jpg)
2021-01-28T16:36:13 - INFO - (004) Obtendo imagem. (a11667f7-a287-495c-a129-273df20b117b.jpg)
2021-01-28T16:36:13 - INFO - (004) Obtendo imagem. (2dd5f4a9-64d4-4136-a9a7-202b475cc5ce.jpg)
2021-01-28T16:36:13 - INFO - (004) Obtendo imagem. (39fb6be2-d45c-442b-b366-70b4d6e365fe.jpg)
2021-01-28T16:36:13 - INFO - (004) Obtendo imagem. (8dca2888-9489-4f4c-9a8e-2fbd6fbfa9df.jpg)
2021-01-28T16:36:13 - INFO - (004) Obtendo imagem. (2c978bfa-5fcf-4de2-9444-e5e49d4056a3.jpg)
2021-01-28T16:36:13 - INFO - (004) Obtendo imagem. (cff626e3-cce3-4fa4-b8e5-6b53a1c93d16.jpg)
2021-01-28T16:36:13 - INFO - (004) Obtendo imagem. (c9aec9fb-20b7-4e69-b2f5-fe8ec542f4e8.jpg)
2021-01-28T16:36:13 - INFO - (004) Obtendo imagem. (a69ea539-887e-401e-94f2-bd3a70642498.jpg)
2021-01-28T16:36:13 - INFO - (004) Obtendo imagem. (afbd40a3-ecd9-454f-9e18-e53655efea28.jpg)
2021-01-28T16:36:13 - INFO - (004) Obtendo imagem. (69336cb0-d724-4cec-baa0-d00ce507a0f2.jpg)
2021-01-28T16:36:13 - INFO - (004) Obtendo imagem. (4de9daea-85c5-4db2-b091-17681af529fe.jpg)
2021-01-28T16:36:13 - INFO - (004) Obtendo imagem. (581c4d95-97f1-4280-9138-8c78cc690fcf.jpg)
2021-01-28T16:36:13 - INFO - (004) Obtendo imagem. (5a4f15d3-ce30-42d4-8e0f-e417cd37a3a2.jpg)
2021-01-28T16:36:13 - INFO - (004) Obtendo imagem. (972eddbe-8d70-4f5d-9d78-626faac0be77.jpg)
2021-01-28T16:36:13 - AVISO - (007) Copia de arquivo: (./downloads/8b3f74d9-42f9-42fb-be22-3d6bf83c64df.jpg) => (D:/New/temp/SAV/SAV6271/DESCARGA/FOR/SAV6271_FOR_img_1.jpg) >> ({"success":true,"message":"Copia. OK.","origem":"./downloads/8b3f74d9-42f9-42fb-be22-3d6bf83c64df.jpg","destino":"D:/New/temp/SAV/SAV6271/DESCARGA/FOR/SAV6271_FOR_img_1.jpg"})
2021-01-28T16:36:13 - INFO - (004) Obtendo imagem. (97302b38-10ba-4c69-9576-82dbded0e4af.jpg)
2021-01-28T16:36:13 - INFO - (004) Obtendo imagem. (0a629a25-c6d6-4723-b1fd-822212ebfe7c.jpg)
2021-01-28T16:36:13 - AVISO - (008) Exclusão de arquivo: (./downloads/8b3f74d9-42f9-42fb-be22-3d6bf83c64df.jpg) >> ({"success":true,"message":"Exclusão. OK.","file":"./downloads/8b3f74d9-42f9-42fb-be22-3d6bf83c64df.jpg"})
2021-01-28T16:36:13 - AVISO - (007) Copia de arquivo: (./downloads/ed70a146-1353-4a49-83f8-05756bf70416.jpg) => (D:/New/temp/SPO/SPO55841/AVARIA/FOR/SPO55841_FOR_img_1.jpg) >> ({"success":true,"message":"Copia. OK.","origem":"./downloads/ed70a146-1353-4a49-83f8-05756bf70416.jpg","destino":"D:/New/temp/SPO/SPO55841/AVARIA/FOR/SPO55841_FOR_img_1.jpg"})
2021-01-28T16:36:13 - INFO - (004) Obtendo imagem. (3a49cee3-0a4e-4ae5-afde-39b2d1b687c0.jpg)
2021-01-28T16:36:13 - INFO - (004) Obtendo imagem. (05df92fc-3c6e-4574-929f-60492d3148d2.jpg)
2021-01-28T16:36:13 - AVISO - (008) Exclusão de arquivo: (./downloads/ed70a146-1353-4a49-83f8-05756bf70416.jpg) >> ({"success":true,"message":"Exclusão. OK.","file":"./downloads/ed70a146-1353-4a49-83f8-05756bf70416.jpg"})
2021-01-28T16:36:13 - AVISO - (007) Copia de arquivo: (./downloads/a040afd9-606b-4ad9-b29a-89c7460d9b50.jpg) => (D:/New/temp/SPO/SPO55841/DESCARGA/FOR/SPO55841_FOR_img_2.jpg) >> ({"success":true,"message":"Copia. OK.","origem":"./downloads/a040afd9-606b-4ad9-b29a-89c7460d9b50.jpg","destino":"D:/New/temp/SPO/SPO55841/DESCARGA/FOR/SPO55841_FOR_img_2.jpg"})
2021-01-28T16:36:13 - AVISO - (007) Copia de arquivo: (./downloads/a9a22d4b-614c-4713-bc15-8115a8b4fdac.jpg) => (D:/New/temp/SPO/SPO55841/DESCARGA/FOR/SPO55841_FOR_img_3.jpg) >> ({"success":true,"message":"Copia. OK.","origem":"./downloads/a9a22d4b-614c-4713-bc15-8115a8b4fdac.jpg","destino":"D:/New/temp/SPO/SPO55841/DESCARGA/FOR/SPO55841_FOR_img_3.jpg"})
2021-01-28T16:36:13 - INFO - (004) Obtendo imagem. (c8e14694-ce28-4a29-8e08-ea1a164d32c5.jpg)
2021-01-28T16:36:13 - AVISO - (008) Exclusão de arquivo: (./downloads/a040afd9-606b-4ad9-b29a-89c7460d9b50.jpg) >> ({"success":true,"message":"Exclusão. OK.","file":"./downloads/a040afd9-606b-4ad9-b29a-89c7460d9b50.jpg"})
2021-01-28T16:36:13 - AVISO - (007) Copia de arquivo: (./downloads/1043ebd9-f63c-43d9-b787-04ada7713c28.jpg) => (D:/New/temp/SPO/SPO55952/DESCARGA/FOR/SPO55952_FOR_img_1.jpg) >> ({"success":true,"message":"Copia. OK.","origem":"./downloads/1043ebd9-f63c-43d9-b787-04ada7713c28.jpg","destino":"D:/New/temp/SPO/SPO55952/DESCARGA/FOR/SPO55952_FOR_img_1.jpg"})
2021-01-28T16:36:13 - INFO - (004) Obtendo imagem. (f02d220c-ea83-45de-bb8d-cd45c81737ba.jpg)
2021-01-28T16:36:13 - INFO - (004) Obtendo imagem. (26a9d68c-29b0-49cb-b268-983aefd6a99b.jpg)
2021-01-28T16:36:13 - AVISO - (008) Exclusão de arquivo: (./downloads/a9a22d4b-614c-4713-bc15-8115a8b4fdac.jpg) >> ({"success":true,"message":"Exclusão. OK.","file":"./downloads/a9a22d4b-614c-4713-bc15-8115a8b4fdac.jpg"})
2021-01-28T16:36:13 - AVISO - (007) Copia de arquivo: (./downloads/72e55720-04da-48d2-b1b7-8a3454840f60.jpg) => (D:/New/temp/SPO/SPO55952/DESCARGA/FOR/SPO55952_FOR_img_2.jpg) >> ({"success":true,"message":"Copia. OK.","origem":"./downloads/72e55720-04da-48d2-b1b7-8a3454840f60.jpg","destino":"D:/New/temp/SPO/SPO55952/DESCARGA/FOR/SPO55952_FOR_img_2.jpg"})
2021-01-28T16:36:13 - AVISO - (008) Exclusão de arquivo: (./downloads/1043ebd9-f63c-43d9-b787-04ada7713c28.jpg) >> ({"success":true,"message":"Exclusão. OK.","file":"./downloads/1043ebd9-f63c-43d9-b787-04ada7713c28.jpg"})
2021-01-28T16:36:13 - AVISO - (008) Exclusão de arquivo: (./downloads/72e55720-04da-48d2-b1b7-8a3454840f60.jpg) >> ({"success":true,"message":"Exclusão. OK.","file":"./downloads/72e55720-04da-48d2-b1b7-8a3454840f60.jpg"})
2021-01-28T16:36:13 - AVISO - (007) Copia de arquivo: (./downloads/0ba750d0-1915-4b53-8ccd-231c11537c56.jpg) => (D:/New/temp/SPO/SPO55841/CARGA/FOR/SPO55841_FOR_img_1.jpg) >> ({"success":true,"message":"Copia. OK.","origem":"./downloads/0ba750d0-1915-4b53-8ccd-231c11537c56.jpg","destino":"D:/New/temp/SPO/SPO55841/CARGA/FOR/SPO55841_FOR_img_1.jpg"})
2021-01-28T16:36:13 - AVISO - (007) Copia de arquivo: (./downloads/49170052-7f3c-42cc-b4d1-b3dc21bcdcc8.jpg) => (D:/New/temp/SPO/SPO55841/DESCARGA/FOR/SPO55841_FOR_img_4.jpg) >> ({"success":true,"message":"Copia. OK.","origem":"./downloads/49170052-7f3c-42cc-b4d1-b3dc21bcdcc8.jpg","destino":"D:/New/temp/SPO/SPO55841/DESCARGA/FOR/SPO55841_FOR_img_4.jpg"})
2021-01-28T16:36:13 - AVISO - (008) Exclusão de arquivo: (./downloads/0ba750d0-1915-4b53-8ccd-231c11537c56.jpg) >> ({"success":true,"message":"Exclusão. OK.","file":"./downloads/0ba750d0-1915-4b53-8ccd-231c11537c56.jpg"})
2021-01-28T16:36:13 - AVISO - (007) Copia de arquivo: (./downloads/949468d9-9d01-4618-bcde-24bc69ffcaa9.jpg) => (D:/New/temp/SPO/SPO55943/DESCARGA/FOR/SPO55943_FOR_img_1.jpg) >> ({"success":true,"message":"Copia. OK.","origem":"./downloads/949468d9-9d01-4618-bcde-24bc69ffcaa9.jpg","destino":"D:/New/temp/SPO/SPO55943/DESCARGA/FOR/SPO55943_FOR_img_1.jpg"})
2021-01-28T16:36:13 - AVISO - (009) Registro de Baixa SCCD na API: ID:(14) >> ({"rowsAffected":1,"msg":"OK","Erro":"","success":true,"message":"Baixado com sucesso !!!","id":14})
2021-01-28T16:36:13 - AVISO - (008) Exclusão de arquivo: (./downloads/49170052-7f3c-42cc-b4d1-b3dc21bcdcc8.jpg) >> ({"success":true,"message":"Exclusão. OK.","file":"./downloads/49170052-7f3c-42cc-b4d1-b3dc21bcdcc8.jpg"})
2021-01-28T16:36:13 - AVISO - (008) Exclusão de arquivo: (./downloads/949468d9-9d01-4618-bcde-24bc69ffcaa9.jpg) >> ({"success":true,"message":"Exclusão. OK.","file":"./downloads/949468d9-9d01-4618-bcde-24bc69ffcaa9.jpg"})
2021-01-28T16:36:13 - AVISO - (007) Copia de arquivo: (./downloads/df0046e1-7826-492f-8ca4-66b734df3999.jpg) => (D:/New/temp/SPO/SPO55841/VAZIO/FOR/SPO55841_FOR_img_1.jpg) >> ({"success":true,"message":"Copia. OK.","origem":"./downloads/df0046e1-7826-492f-8ca4-66b734df3999.jpg","destino":"D:/New/temp/SPO/SPO55841/VAZIO/FOR/SPO55841_FOR_img_1.jpg"})
2021-01-28T16:36:13 - AVISO - (007) Copia de arquivo: (./downloads/2dd5f4a9-64d4-4136-a9a7-202b475cc5ce.jpg) => (D:/New/temp/SPO/SPO55841/CARGA/FOR/SPO55841_FOR_img_2.jpg) >> ({"success":true,"message":"Copia. OK.","origem":"./downloads/2dd5f4a9-64d4-4136-a9a7-202b475cc5ce.jpg","destino":"D:/New/temp/SPO/SPO55841/CARGA/FOR/SPO55841_FOR_img_2.jpg"})
2021-01-28T16:36:13 - AVISO - (009) Registro de Baixa SCCD na API: ID:(2) >> ({"rowsAffected":1,"msg":"OK","Erro":"","success":true,"message":"Baixado com sucesso !!!","id":2})
2021-01-28T16:36:13 - AVISO - (009) Registro de Baixa SCCD na API: ID:(3) >> ({"rowsAffected":1,"msg":"OK","Erro":"","success":true,"message":"Baixado com sucesso !!!","id":3})
2021-01-28T16:36:13 - AVISO - (007) Copia de arquivo: (./downloads/8dca2888-9489-4f4c-9a8e-2fbd6fbfa9df.jpg) => (D:/New/temp/MEO/MEO6404/CARGA/FOR/MEO6404_FOR_img_1.jpg) >> ({"success":true,"message":"Copia. OK.","origem":"./downloads/8dca2888-9489-4f4c-9a8e-2fbd6fbfa9df.jpg","destino":"D:/New/temp/MEO/MEO6404/CARGA/FOR/MEO6404_FOR_img_1.jpg"})
2021-01-28T16:36:13 - AVISO - (008) Exclusão de arquivo: (./downloads/df0046e1-7826-492f-8ca4-66b734df3999.jpg) >> ({"success":true,"message":"Exclusão. OK.","file":"./downloads/df0046e1-7826-492f-8ca4-66b734df3999.jpg"})
2021-01-28T16:36:13 - AVISO - (008) Exclusão de arquivo: (./downloads/2dd5f4a9-64d4-4136-a9a7-202b475cc5ce.jpg) >> ({"success":true,"message":"Exclusão. OK.","file":"./downloads/2dd5f4a9-64d4-4136-a9a7-202b475cc5ce.jpg"})
2021-01-28T16:36:13 - AVISO - (009) Registro de Baixa SCCD na API: ID:(4) >> ({"rowsAffected":1,"msg":"OK","Erro":"","success":true,"message":"Baixado com sucesso !!!","id":4})
2021-01-28T16:36:13 - AVISO - (008) Exclusão de arquivo: (./downloads/8dca2888-9489-4f4c-9a8e-2fbd6fbfa9df.jpg) >> ({"success":true,"message":"Exclusão. OK.","file":"./downloads/8dca2888-9489-4f4c-9a8e-2fbd6fbfa9df.jpg"})
2021-01-28T16:36:13 - AVISO - (007) Copia de arquivo: (./downloads/2c978bfa-5fcf-4de2-9444-e5e49d4056a3.jpg) => (D:/New/temp/SPO/SPO55943/DESCARGA/FOR/SPO55943_FOR_img_2.jpg) >> ({"success":true,"message":"Copia. OK.","origem":"./downloads/2c978bfa-5fcf-4de2-9444-e5e49d4056a3.jpg","destino":"D:/New/temp/SPO/SPO55943/DESCARGA/FOR/SPO55943_FOR_img_2.jpg"})
2021-01-28T16:36:13 - AVISO - (007) Copia de arquivo: (./downloads/cff626e3-cce3-4fa4-b8e5-6b53a1c93d16.jpg) => (D:/New/temp/SPO/SPO55943/CARGA/FOR/SPO55943_FOR_img_1.jpg) >> ({"success":true,"message":"Copia. OK.","origem":"./downloads/cff626e3-cce3-4fa4-b8e5-6b53a1c93d16.jpg","destino":"D:/New/temp/SPO/SPO55943/CARGA/FOR/SPO55943_FOR_img_1.jpg"})
2021-01-28T16:36:13 - AVISO - (009) Registro de Baixa SCCD na API: ID:(18) >> ({"rowsAffected":1,"msg":"OK","Erro":"","success":true,"message":"Baixado com sucesso !!!","id":18})
2021-01-28T16:36:13 - AVISO - (008) Exclusão de arquivo: (./downloads/2c978bfa-5fcf-4de2-9444-e5e49d4056a3.jpg) >> ({"success":true,"message":"Exclusão. OK.","file":"./downloads/2c978bfa-5fcf-4de2-9444-e5e49d4056a3.jpg"})
2021-01-28T16:36:13 - AVISO - (008) Exclusão de arquivo: (./downloads/cff626e3-cce3-4fa4-b8e5-6b53a1c93d16.jpg) >> ({"success":true,"message":"Exclusão. OK.","file":"./downloads/cff626e3-cce3-4fa4-b8e5-6b53a1c93d16.jpg"})
2021-01-28T16:36:14 - AVISO - (020) Registro incluido com sucesso ALB : ID:(816320) >> ({"fieldCount":0,"affectedRows":1,"insertId":816320,"info":"","serverStatus":2,"warningStatus":1})
2021-01-28T16:36:14 - AVISO - (007) Copia de arquivo: (./downloads/69336cb0-d724-4cec-baa0-d00ce507a0f2.jpg) => (D:/New/temp/SPO/SPO55943/DESCARGA/FOR/SPO55943_FOR_img_3.jpg) >> ({"success":true,"message":"Copia. OK.","origem":"./downloads/69336cb0-d724-4cec-baa0-d00ce507a0f2.jpg","destino":"D:/New/temp/SPO/SPO55943/DESCARGA/FOR/SPO55943_FOR_img_3.jpg"})
2021-01-28T16:36:14 - AVISO - (008) Exclusão de arquivo: (./downloads/69336cb0-d724-4cec-baa0-d00ce507a0f2.jpg) >> ({"success":true,"message":"Exclusão. OK.","file":"./downloads/69336cb0-d724-4cec-baa0-d00ce507a0f2.jpg"})
2021-01-28T16:36:14 - AVISO - (007) Copia de arquivo: (./downloads/4de9daea-85c5-4db2-b091-17681af529fe.jpg) => (D:/New/temp/SPO/SPO55841/DESCARGA/FOR/SPO55841_FOR_img_5.jpg) >> ({"success":true,"message":"Copia. OK.","origem":"./downloads/4de9daea-85c5-4db2-b091-17681af529fe.jpg","destino":"D:/New/temp/SPO/SPO55841/DESCARGA/FOR/SPO55841_FOR_img_5.jpg"})
2021-01-28T16:36:14 - AVISO - (008) Exclusão de arquivo: (./downloads/4de9daea-85c5-4db2-b091-17681af529fe.jpg) >> ({"success":true,"message":"Exclusão. OK.","file":"./downloads/4de9daea-85c5-4db2-b091-17681af529fe.jpg"})
2021-01-28T16:36:14 - AVISO - (007) Copia de arquivo: (./downloads/581c4d95-97f1-4280-9138-8c78cc690fcf.jpg) => (D:/New/temp/SPO/SPO55943/CARGA/FOR/SPO55943_FOR_img_2.jpg) >> ({"success":true,"message":"Copia. OK.","origem":"./downloads/581c4d95-97f1-4280-9138-8c78cc690fcf.jpg","destino":"D:/New/temp/SPO/SPO55943/CARGA/FOR/SPO55943_FOR_img_2.jpg"})
2021-01-28T16:36:14 - AVISO - (008) Exclusão de arquivo: (./downloads/581c4d95-97f1-4280-9138-8c78cc690fcf.jpg) >> ({"success":true,"message":"Exclusão. OK.","file":"./downloads/581c4d95-97f1-4280-9138-8c78cc690fcf.jpg"})
2021-01-28T16:36:14 - AVISO - (007) Copia de arquivo: (./downloads/5a4f15d3-ce30-42d4-8e0f-e417cd37a3a2.jpg) => (D:/New/temp/SPO/SPO55943/CARGA/FOR/SPO55943_FOR_img_3.jpg) >> ({"success":true,"message":"Copia. OK.","origem":"./downloads/5a4f15d3-ce30-42d4-8e0f-e417cd37a3a2.jpg","destino":"D:/New/temp/SPO/SPO55943/CARGA/FOR/SPO55943_FOR_img_3.jpg"})
2021-01-28T16:36:14 - AVISO - (008) Exclusão de arquivo: (./downloads/5a4f15d3-ce30-42d4-8e0f-e417cd37a3a2.jpg) >> ({"success":true,"message":"Exclusão. OK.","file":"./downloads/5a4f15d3-ce30-42d4-8e0f-e417cd37a3a2.jpg"})
2021-01-28T16:36:14 - AVISO - (007) Copia de arquivo: (./downloads/972eddbe-8d70-4f5d-9d78-626faac0be77.jpg) => (D:/New/temp/SPO/SPO55943/DESCARGA/FOR/SPO55943_FOR_img_4.jpg) >> ({"success":true,"message":"Copia. OK.","origem":"./downloads/972eddbe-8d70-4f5d-9d78-626faac0be77.jpg","destino":"D:/New/temp/SPO/SPO55943/DESCARGA/FOR/SPO55943_FOR_img_4.jpg"})
2021-01-28T16:36:14 - AVISO - (008) Exclusão de arquivo: (./downloads/972eddbe-8d70-4f5d-9d78-626faac0be77.jpg) >> ({"success":true,"message":"Exclusão. OK.","file":"./downloads/972eddbe-8d70-4f5d-9d78-626faac0be77.jpg"})
2021-01-28T16:36:14 - AVISO - (009) Registro de Baixa SCCD na API: ID:(17) >> ({"rowsAffected":1,"msg":"OK","Erro":"","success":true,"message":"Baixado com sucesso !!!","id":17})
2021-01-28T16:36:14 - AVISO - (009) Registro de Baixa SCCD na API: ID:(8) >> ({"rowsAffected":1,"msg":"OK","Erro":"","success":true,"message":"Baixado com sucesso !!!","id":8})
2021-01-28T16:36:14 - AVISO - (007) Copia de arquivo: (./downloads/0a629a25-c6d6-4723-b1fd-822212ebfe7c.jpg) => (D:/New/temp/SPO/SPO55841/CARGA/FOR/SPO55841_FOR_img_3.jpg) >> ({"success":true,"message":"Copia. OK.","origem":"./downloads/0a629a25-c6d6-4723-b1fd-822212ebfe7c.jpg","destino":"D:/New/temp/SPO/SPO55841/CARGA/FOR/SPO55841_FOR_img_3.jpg"})
2021-01-28T16:36:14 - AVISO - (008) Exclusão de arquivo: (./downloads/0a629a25-c6d6-4723-b1fd-822212ebfe7c.jpg) >> ({"success":true,"message":"Exclusão. OK.","file":"./downloads/0a629a25-c6d6-4723-b1fd-822212ebfe7c.jpg"})
2021-01-28T16:36:14 - AVISO - (007) Copia de arquivo: (./downloads/3a49cee3-0a4e-4ae5-afde-39b2d1b687c0.jpg) => (D:/New/temp/NAT/NAT9330/CARGA/FOR/NAT9330_FOR_img_1.jpg) >> ({"success":true,"message":"Copia. OK.","origem":"./downloads/3a49cee3-0a4e-4ae5-afde-39b2d1b687c0.jpg","destino":"D:/New/temp/NAT/NAT9330/CARGA/FOR/NAT9330_FOR_img_1.jpg"})
2021-01-28T16:36:14 - AVISO - (008) Exclusão de arquivo: (./downloads/3a49cee3-0a4e-4ae5-afde-39b2d1b687c0.jpg) >> ({"success":true,"message":"Exclusão. OK.","file":"./downloads/3a49cee3-0a4e-4ae5-afde-39b2d1b687c0.jpg"})
2021-01-28T16:36:14 - AVISO - (007) Copia de arquivo: (./downloads/05df92fc-3c6e-4574-929f-60492d3148d2.jpg) => (D:/New/temp/MEO/MEO6404/CARGA/FOR/MEO6404_FOR_img_2.jpg) >> ({"success":true,"message":"Copia. OK.","origem":"./downloads/05df92fc-3c6e-4574-929f-60492d3148d2.jpg","destino":"D:/New/temp/MEO/MEO6404/CARGA/FOR/MEO6404_FOR_img_2.jpg"})
2021-01-28T16:36:14 - AVISO - (008) Exclusão de arquivo: (./downloads/05df92fc-3c6e-4574-929f-60492d3148d2.jpg) >> ({"success":true,"message":"Exclusão. OK.","file":"./downloads/05df92fc-3c6e-4574-929f-60492d3148d2.jpg"})
2021-01-28T16:36:14 - AVISO - (007) Copia de arquivo: (./downloads/c8e14694-ce28-4a29-8e08-ea1a164d32c5.jpg) => (D:/New/temp/MEO/MEO6404/DESCARGA/FOR/MEO6404_FOR_img_1.jpg) >> ({"success":true,"message":"Copia. OK.","origem":"./downloads/c8e14694-ce28-4a29-8e08-ea1a164d32c5.jpg","destino":"D:/New/temp/MEO/MEO6404/DESCARGA/FOR/MEO6404_FOR_img_1.jpg"})
2021-01-28T16:36:14 - AVISO - (008) Exclusão de arquivo: (./downloads/c8e14694-ce28-4a29-8e08-ea1a164d32c5.jpg) >> ({"success":true,"message":"Exclusão. OK.","file":"./downloads/c8e14694-ce28-4a29-8e08-ea1a164d32c5.jpg"})
2021-01-28T16:36:14 - AVISO - (007) Copia de arquivo: (./downloads/26a9d68c-29b0-49cb-b268-983aefd6a99b.jpg) => (D:/New/temp/SPO/SPO55943/VAZIO/FOR/SPO55943_FOR_img_1.jpg) >> ({"success":true,"message":"Copia. OK.","origem":"./downloads/26a9d68c-29b0-49cb-b268-983aefd6a99b.jpg","destino":"D:/New/temp/SPO/SPO55943/VAZIO/FOR/SPO55943_FOR_img_1.jpg"})
2021-01-28T16:36:14 - AVISO - (008) Exclusão de arquivo: (./downloads/26a9d68c-29b0-49cb-b268-983aefd6a99b.jpg) >> ({"success":true,"message":"Exclusão. OK.","file":"./downloads/26a9d68c-29b0-49cb-b268-983aefd6a99b.jpg"})
2021-01-28T16:36:14 - AVISO - (009) Registro de Baixa SCCD na API: ID:(16) >> ({"rowsAffected":1,"msg":"OK","Erro":"","success":true,"message":"Baixado com sucesso !!!","id":16})
2021-01-28T16:36:14 - AVISO - (009) Registro de Baixa SCCD na API: ID:(23) >> ({"rowsAffected":1,"msg":"OK","Erro":"","success":true,"message":"Baixado com sucesso !!!","id":23})
2021-01-28T16:36:14 - AVISO - (009) Registro de Baixa SCCD na API: ID:(24) >> ({"rowsAffected":1,"msg":"OK","Erro":"","success":true,"message":"Baixado com sucesso !!!","id":24})
2021-01-28T16:36:14 - AVISO - (009) Registro de Baixa SCCD na API: ID:(12) >> ({"rowsAffected":1,"msg":"OK","Erro":"","success":true,"message":"Baixado com sucesso !!!","id":12})
2021-01-28T16:36:14 - AVISO - (009) Registro de Baixa SCCD na API: ID:(30) >> ({"rowsAffected":1,"msg":"OK","Erro":"","success":true,"message":"Baixado com sucesso !!!","id":30})
2021-01-28T16:36:14 - AVISO - (009) Registro de Baixa SCCD na API: ID:(32) >> ({"rowsAffected":1,"msg":"OK","Erro":"","success":true,"message":"Baixado com sucesso !!!","id":32})
2021-01-28T16:36:14 - AVISO - (009) Registro de Baixa SCCD na API: ID:(27) >> ({"rowsAffected":1,"msg":"OK","Erro":"","success":true,"message":"Baixado com sucesso !!!","id":27})
2021-01-28T16:36:14 - AVISO - (009) Registro de Baixa SCCD na API: ID:(15) >> ({"rowsAffected":1,"msg":"OK","Erro":"","success":true,"message":"Baixado com sucesso !!!","id":15})
2021-01-28T16:36:14 - AVISO - (009) Registro de Baixa SCCD na API: ID:(22) >> ({"rowsAffected":1,"msg":"OK","Erro":"","success":true,"message":"Baixado com sucesso !!!","id":22})
2021-01-28T16:36:14 - AVISO - (009) Registro de Baixa SCCD na API: ID:(5) >> ({"rowsAffected":1,"msg":"OK","Erro":"","success":true,"message":"Baixado com sucesso !!!","id":5})
2021-01-28T16:36:14 - AVISO - (009) Registro de Baixa SCCD na API: ID:(21) >> ({"rowsAffected":1,"msg":"OK","Erro":"","success":true,"message":"Baixado com sucesso !!!","id":21})
2021-01-28T16:36:14 - AVISO - (009) Registro de Baixa SCCD na API: ID:(31) >> ({"rowsAffected":1,"msg":"OK","Erro":"","success":true,"message":"Baixado com sucesso !!!","id":31})
2021-01-28T16:36:14 - AVISO - (009) Registro de Baixa SCCD na API: ID:(7) >> ({"rowsAffected":1,"msg":"OK","Erro":"","success":true,"message":"Baixado com sucesso !!!","id":7})
2021-01-28T16:36:14 - AVISO - (009) Registro de Baixa SCCD na API: ID:(26) >> ({"rowsAffected":1,"msg":"OK","Erro":"","success":true,"message":"Baixado com sucesso !!!","id":26})
2021-01-28T16:36:14 - AVISO - (009) Registro de Baixa SCCD na API: ID:(25) >> ({"rowsAffected":1,"msg":"OK","Erro":"","success":true,"message":"Baixado com sucesso !!!","id":25})
2021-01-28T16:36:14 - AVISO - (009) Registro de Baixa SCCD na API: ID:(20) >> ({"rowsAffected":1,"msg":"OK","Erro":"","success":true,"message":"Baixado com sucesso !!!","id":20})
2021-01-28T16:36:14 - AVISO - (009) Registro de Baixa SCCD na API: ID:(6) >> ({"rowsAffected":1,"msg":"OK","Erro":"","success":true,"message":"Baixado com sucesso !!!","id":6})
2021-01-28T16:36:28 - AVISO - (020) Registro incluido com sucesso ALB : ID:(816321) >> ({"fieldCount":0,"affectedRows":1,"insertId":816321,"info":"","serverStatus":2,"warningStatus":1})
2021-01-28T16:36:28 - AVISO - (020) Registro incluido com sucesso ALB : ID:(816322) >> ({"fieldCount":0,"affectedRows":1,"insertId":816322,"info":"","serverStatus":2,"warningStatus":1})
2021-01-28T16:36:28 - AVISO - (020) Registro incluido com sucesso ALB : ID:(816323) >> ({"fieldCount":0,"affectedRows":1,"insertId":816323,"info":"","serverStatus":2,"warningStatus":1})
2021-01-28T16:36:28 - AVISO - (020) Registro incluido com sucesso ALB : ID:(816324) >> ({"fieldCount":0,"affectedRows":1,"insertId":816324,"info":"","serverStatus":2,"warningStatus":1})
2021-01-28T16:36:28 - AVISO - (030) Registro incluido com sucesso ANX : ID:(102706) >> ({"fieldCount":0,"affectedRows":1,"insertId":102706,"info":"","serverStatus":2,"warningStatus":1})
2021-01-28T16:36:28 - AVISO - (020) Registro incluido com sucesso ALB : ID:(816325) >> ({"fieldCount":0,"affectedRows":1,"insertId":816325,"info":"","serverStatus":2,"warningStatus":1})
2021-01-28T16:36:28 - AVISO - (020) Registro incluido com sucesso ALB : ID:(816327) >> ({"fieldCount":0,"affectedRows":1,"insertId":816327,"info":"","serverStatus":2,"warningStatus":1})
2021-01-28T16:36:28 - AVISO - (020) Registro incluido com sucesso ALB : ID:(816326) >> ({"fieldCount":0,"affectedRows":1,"insertId":816326,"info":"","serverStatus":2,"warningStatus":1})
2021-01-28T16:36:28 - AVISO - (020) Registro incluido com sucesso ALB : ID:(816328) >> ({"fieldCount":0,"affectedRows":1,"insertId":816328,"info":"","serverStatus":2,"warningStatus":1})
2021-01-28T16:36:28 - AVISO - (020) Registro incluido com sucesso ALB : ID:(816329) >> ({"fieldCount":0,"affectedRows":1,"insertId":816329,"info":"","serverStatus":2,"warningStatus":1})
2021-01-28T16:36:28 - AVISO - (020) Registro incluido com sucesso ALB : ID:(816330) >> ({"fieldCount":0,"affectedRows":1,"insertId":816330,"info":"","serverStatus":2,"warningStatus":1})
2021-01-28T16:36:28 - AVISO - (020) Registro incluido com sucesso ALB : ID:(816331) >> ({"fieldCount":0,"affectedRows":1,"insertId":816331,"info":"","serverStatus":2,"warningStatus":1})
2021-01-28T16:36:28 - AVISO - (020) Registro incluido com sucesso ALB : ID:(816332) >> ({"fieldCount":0,"affectedRows":1,"insertId":816332,"info":"","serverStatus":2,"warningStatus":1})
2021-01-28T16:36:28 - AVISO - (020) Registro incluido com sucesso ALB : ID:(816333) >> ({"fieldCount":0,"affectedRows":1,"insertId":816333,"info":"","serverStatus":2,"warningStatus":1})
2021-01-28T16:36:28 - AVISO - (020) Registro incluido com sucesso ALB : ID:(816334) >> ({"fieldCount":0,"affectedRows":1,"insertId":816334,"info":"","serverStatus":2,"warningStatus":1})
2021-01-28T16:36:28 - SUCESSO - (049) Processo concluido na API: ID:(1)
2021-01-28T16:36:28 - AVISO - (020) Registro incluido com sucesso ALB : ID:(816335) >> ({"fieldCount":0,"affectedRows":1,"insertId":816335,"info":"","serverStatus":2,"warningStatus":1})
2021-01-28T16:36:28 - AVISO - (020) Registro incluido com sucesso ALB : ID:(816336) >> ({"fieldCount":0,"affectedRows":1,"insertId":816336,"info":"","serverStatus":2,"warningStatus":1})
2021-01-28T16:36:28 - AVISO - (020) Registro incluido com sucesso ALB : ID:(816337) >> ({"fieldCount":0,"affectedRows":1,"insertId":816337,"info":"","serverStatus":2,"warningStatus":1})
2021-01-28T16:36:28 - AVISO - (020) Registro incluido com sucesso ALB : ID:(816338) >> ({"fieldCount":0,"affectedRows":1,"insertId":816338,"info":"","serverStatus":2,"warningStatus":1})
2021-01-28T16:36:28 - AVISO - (030) Registro incluido com sucesso ANX : ID:(102707) >> ({"fieldCount":0,"affectedRows":1,"insertId":102707,"info":"","serverStatus":2,"warningStatus":1})
2021-01-28T16:36:28 - AVISO - (030) Registro incluido com sucesso ANX : ID:(102708) >> ({"fieldCount":0,"affectedRows":1,"insertId":102708,"info":"","serverStatus":2,"warningStatus":1})
2021-01-28T16:36:28 - SUCESSO - (049) Processo concluido na API: ID:(3)
2021-01-28T16:36:28 - SUCESSO - (049) Processo concluido na API: ID:(17)
2021-01-28T16:36:28 - SUCESSO - (049) Processo concluido na API: ID:(18)
2021-01-28T16:36:28 - AVISO - (030) Registro incluido com sucesso ANX : ID:(102709) >> ({"fieldCount":0,"affectedRows":1,"insertId":102709,"info":"","serverStatus":2,"warningStatus":1})
2021-01-28T16:36:28 - SUCESSO - (049) Processo concluido na API: ID:(16)
2021-01-28T16:36:28 - SUCESSO - (049) Processo concluido na API: ID:(24)
2021-01-28T16:36:29 - AVISO - (030) Registro incluido com sucesso ANX : ID:(102710) >> ({"fieldCount":0,"affectedRows":1,"insertId":102710,"info":"","serverStatus":2,"warningStatus":1})
2021-01-28T16:36:29 - SUCESSO - (049) Processo concluido na API: ID:(21)
2021-01-28T16:36:29 - SUCESSO - (049) Processo concluido na API: ID:(5)
2021-01-28T16:36:29 - AVISO - (030) Registro incluido com sucesso ANX : ID:(102711) >> ({"fieldCount":0,"affectedRows":1,"insertId":102711,"info":"","serverStatus":2,"warningStatus":1})
2021-01-28T16:36:29 - AVISO - (030) Registro incluido com sucesso ANX : ID:(102712) >> ({"fieldCount":0,"affectedRows":1,"insertId":102712,"info":"","serverStatus":2,"warningStatus":1})
2021-01-28T16:36:29 - AVISO - (030) Registro incluido com sucesso ANX : ID:(102713) >> ({"fieldCount":0,"affectedRows":1,"insertId":102713,"info":"","serverStatus":2,"warningStatus":1})
2021-01-28T16:36:29 - AVISO - (030) Registro incluido com sucesso ANX : ID:(102714) >> ({"fieldCount":0,"affectedRows":1,"insertId":102714,"info":"","serverStatus":2,"warningStatus":1})
2021-01-28T16:36:29 - AVISO - (030) Registro incluido com sucesso ANX : ID:(102715) >> ({"fieldCount":0,"affectedRows":1,"insertId":102715,"info":"","serverStatus":2,"warningStatus":1})
2021-01-28T16:36:29 - AVISO - (030) Registro incluido com sucesso ANX : ID:(102716) >> ({"fieldCount":0,"affectedRows":1,"insertId":102716,"info":"","serverStatus":2,"warningStatus":1})
2021-01-28T16:36:29 - AVISO - (030) Registro incluido com sucesso ANX : ID:(102717) >> ({"fieldCount":0,"affectedRows":1,"insertId":102717,"info":"","serverStatus":2,"warningStatus":1})
2021-01-28T16:36:29 - AVISO - (030) Registro incluido com sucesso ANX : ID:(102718) >> ({"fieldCount":0,"affectedRows":1,"insertId":102718,"info":"","serverStatus":2,"warningStatus":1})
2021-01-28T16:36:29 - AVISO - (030) Registro incluido com sucesso ANX : ID:(102719) >> ({"fieldCount":0,"affectedRows":1,"insertId":102719,"info":"","serverStatus":2,"warningStatus":1})
2021-01-28T16:36:29 - AVISO - (030) Registro incluido com sucesso ANX : ID:(102720) >> ({"fieldCount":0,"affectedRows":1,"insertId":102720,"info":"","serverStatus":2,"warningStatus":1})
2021-01-28T16:36:29 - AVISO - (030) Registro incluido com sucesso ANX : ID:(102721) >> ({"fieldCount":0,"affectedRows":1,"insertId":102721,"info":"","serverStatus":2,"warningStatus":1})
2021-01-28T16:36:29 - AVISO - (030) Registro incluido com sucesso ANX : ID:(102722) >> ({"fieldCount":0,"affectedRows":1,"insertId":102722,"info":"","serverStatus":2,"warningStatus":1})
2021-01-28T16:36:29 - SUCESSO - (049) Processo concluido na API: ID:(20)
2021-01-28T16:36:29 - AVISO - (030) Registro incluido com sucesso ANX : ID:(102723) >> ({"fieldCount":0,"affectedRows":1,"insertId":102723,"info":"","serverStatus":2,"warningStatus":1})
2021-01-28T16:36:29 - AVISO - (030) Registro incluido com sucesso ANX : ID:(102724) >> ({"fieldCount":0,"affectedRows":1,"insertId":102724,"info":"","serverStatus":2,"warningStatus":1})
2021-01-28T16:36:29 - SUCESSO - (049) Processo concluido na API: ID:(25)
2021-01-28T16:36:29 - AVISO - (030) Registro incluido com sucesso ANX : ID:(102725) >> ({"fieldCount":0,"affectedRows":1,"insertId":102725,"info":"","serverStatus":2,"warningStatus":1})
2021-01-28T16:36:29 - AVISO - (030) Registro incluido com sucesso ANX : ID:(102726) >> ({"fieldCount":0,"affectedRows":1,"insertId":102726,"info":"","serverStatus":2,"warningStatus":1})
2021-01-28T16:36:29 - AVISO - (030) Registro incluido com sucesso ANX : ID:(102727) >> ({"fieldCount":0,"affectedRows":1,"insertId":102727,"info":"","serverStatus":2,"warningStatus":1})
2021-01-28T16:36:29 - SUCESSO - (049) Processo concluido na API: ID:(4)
2021-01-28T16:36:29 - SUCESSO - (049) Processo concluido na API: ID:(14)
2021-01-28T16:36:29 - SUCESSO - (049) Processo concluido na API: ID:(2)
2021-01-28T16:36:29 - SUCESSO - (049) Processo concluido na API: ID:(8)
2021-01-28T16:36:29 - SUCESSO - (049) Processo concluido na API: ID:(12)
2021-01-28T16:36:29 - SUCESSO - (049) Processo concluido na API: ID:(23)
2021-01-28T16:36:29 - SUCESSO - (049) Processo concluido na API: ID:(30)
2021-01-28T16:36:29 - SUCESSO - (049) Processo concluido na API: ID:(32)
2021-01-28T16:36:29 - SUCESSO - (049) Processo concluido na API: ID:(15)
2021-01-28T16:36:29 - SUCESSO - (049) Processo concluido na API: ID:(27)
2021-01-28T16:36:29 - SUCESSO - (049) Processo concluido na API: ID:(22)
2021-01-28T16:36:29 - SUCESSO - (049) Processo concluido na API: ID:(31)
2021-01-28T16:36:29 - SUCESSO - (049) Processo concluido na API: ID:(7)
2021-01-28T16:36:29 - SUCESSO - (049) Processo concluido na API: ID:(26)
2021-01-28T16:36:29 - SUCESSO - (049) Processo concluido na API: ID:(6)
2021-01-28T16:37:51 - INFO - (011) Retorno da API. ( 7 itens )
2021-01-28T16:37:51 - AVISO - (010) StartListaSCCD
2021-01-28T16:37:51 - INFO - (004) Obtendo imagem. (a11667f7-a287-495c-a129-273df20b117b.jpg)
2021-01-28T16:37:51 - AVISO - (007) Copia de arquivo: (./downloads/a11667f7-a287-495c-a129-273df20b117b.jpg) => (D:/New/temp/NAT/NAT9330/CARGA/FOR/NAT9330_FOR_img_2.jpg) >> ({"success":true,"message":"Copia. OK.","origem":"./downloads/a11667f7-a287-495c-a129-273df20b117b.jpg","destino":"D:/New/temp/NAT/NAT9330/CARGA/FOR/NAT9330_FOR_img_2.jpg"})
2021-01-28T16:37:51 - AVISO - (008) Exclusão de arquivo: (./downloads/a11667f7-a287-495c-a129-273df20b117b.jpg) >> ({"success":true,"message":"Exclusão. OK.","file":"./downloads/a11667f7-a287-495c-a129-273df20b117b.jpg"})
2021-01-28T16:37:51 - INFO - (004) Obtendo imagem. (39fb6be2-d45c-442b-b366-70b4d6e365fe.jpg)
2021-01-28T16:37:51 - AVISO - (007) Copia de arquivo: (./downloads/39fb6be2-d45c-442b-b366-70b4d6e365fe.jpg) => (D:/New/temp/MEO/MEO6411/DESCARGA/FOR/MEO6411_FOR_img_1.jpg) >> ({"success":true,"message":"Copia. OK.","origem":"./downloads/39fb6be2-d45c-442b-b366-70b4d6e365fe.jpg","destino":"D:/New/temp/MEO/MEO6411/DESCARGA/FOR/MEO6411_FOR_img_1.jpg"})
2021-01-28T16:37:51 - AVISO - (008) Exclusão de arquivo: (./downloads/39fb6be2-d45c-442b-b366-70b4d6e365fe.jpg) >> ({"success":true,"message":"Exclusão. OK.","file":"./downloads/39fb6be2-d45c-442b-b366-70b4d6e365fe.jpg"})
2021-01-28T16:37:51 - AVISO - (009) Registro de Baixa SCCD na API: ID:(13) >> ({"rowsAffected":1,"msg":"OK","Erro":"","success":true,"message":"Baixado com sucesso !!!","id":13})
2021-01-28T16:37:51 - INFO - (004) Obtendo imagem. (a69ea539-887e-401e-94f2-bd3a70642498.jpg)
2021-01-28T16:37:51 - INFO - (004) Obtendo imagem. (c9aec9fb-20b7-4e69-b2f5-fe8ec542f4e8.jpg)
2021-01-28T16:37:51 - AVISO - (009) Registro de Baixa SCCD na API: ID:(28) >> ({"rowsAffected":1,"msg":"OK","Erro":"","success":true,"message":"Baixado com sucesso !!!","id":28})
2021-01-28T16:37:51 - INFO - (004) Obtendo imagem. (afbd40a3-ecd9-454f-9e18-e53655efea28.jpg)
2021-01-28T16:37:51 - INFO - (004) Obtendo imagem. (97302b38-10ba-4c69-9576-82dbded0e4af.jpg)
2021-01-28T16:37:52 - INFO - (004) Obtendo imagem. (f02d220c-ea83-45de-bb8d-cd45c81737ba.jpg)
2021-01-28T16:37:52 - AVISO - (007) Copia de arquivo: (./downloads/a69ea539-887e-401e-94f2-bd3a70642498.jpg) => (D:/New/temp/MEO/MEO6411/CARGA/FOR/MEO6411_FOR_img_1.jpg) >> ({"success":true,"message":"Copia. OK.","origem":"./downloads/a69ea539-887e-401e-94f2-bd3a70642498.jpg","destino":"D:/New/temp/MEO/MEO6411/CARGA/FOR/MEO6411_FOR_img_1.jpg"})
2021-01-28T16:37:52 - AVISO - (008) Exclusão de arquivo: (./downloads/a69ea539-887e-401e-94f2-bd3a70642498.jpg) >> ({"success":true,"message":"Exclusão. OK.","file":"./downloads/a69ea539-887e-401e-94f2-bd3a70642498.jpg"})
2021-01-28T16:37:52 - AVISO - (007) Copia de arquivo: (./downloads/c9aec9fb-20b7-4e69-b2f5-fe8ec542f4e8.jpg) => (D:/New/temp/NAT/NAT9330/DESCARGA/FOR/NAT9330_FOR_img_1.jpg) >> ({"success":true,"message":"Copia. OK.","origem":"./downloads/c9aec9fb-20b7-4e69-b2f5-fe8ec542f4e8.jpg","destino":"D:/New/temp/NAT/NAT9330/DESCARGA/FOR/NAT9330_FOR_img_1.jpg"})
2021-01-28T16:37:52 - AVISO - (008) Exclusão de arquivo: (./downloads/c9aec9fb-20b7-4e69-b2f5-fe8ec542f4e8.jpg) >> ({"success":true,"message":"Exclusão. OK.","file":"./downloads/c9aec9fb-20b7-4e69-b2f5-fe8ec542f4e8.jpg"})
2021-01-28T16:37:52 - AVISO - (009) Registro de Baixa SCCD na API: ID:(29) >> ({"rowsAffected":1,"msg":"OK","Erro":"","success":true,"message":"Baixado com sucesso !!!","id":29})
2021-01-28T16:37:52 - AVISO - (009) Registro de Baixa SCCD na API: ID:(10) >> ({"rowsAffected":1,"msg":"OK","Erro":"","success":true,"message":"Baixado com sucesso !!!","id":10})
2021-01-28T16:37:53 - AVISO - (020) Registro incluido com sucesso ALB : ID:(816339) >> ({"fieldCount":0,"affectedRows":1,"insertId":816339,"info":"","serverStatus":2,"warningStatus":1})
2021-01-28T16:37:53 - AVISO - (007) Copia de arquivo: (./downloads/97302b38-10ba-4c69-9576-82dbded0e4af.jpg) => (D:/New/temp/NAT/NAT9330/CARGA/FOR/NAT9330_FOR_img_3.jpg) >> ({"success":true,"message":"Copia. OK.","origem":"./downloads/97302b38-10ba-4c69-9576-82dbded0e4af.jpg","destino":"D:/New/temp/NAT/NAT9330/CARGA/FOR/NAT9330_FOR_img_3.jpg"})
2021-01-28T16:37:53 - AVISO - (007) Copia de arquivo: (./downloads/afbd40a3-ecd9-454f-9e18-e53655efea28.jpg) => (D:/New/temp/SPO/SPO55952/AVARIA/FOR/SPO55952_FOR_img_1.jpg) >> ({"success":true,"message":"Copia. OK.","origem":"./downloads/afbd40a3-ecd9-454f-9e18-e53655efea28.jpg","destino":"D:/New/temp/SPO/SPO55952/AVARIA/FOR/SPO55952_FOR_img_1.jpg"})
2021-01-28T16:37:53 - AVISO - (007) Copia de arquivo: (./downloads/f02d220c-ea83-45de-bb8d-cd45c81737ba.jpg) => (D:/New/temp/SPO/SPO55845/VAZIO/FOR/SPO55845_FOR_img_1.jpg) >> ({"success":true,"message":"Copia. OK.","origem":"./downloads/f02d220c-ea83-45de-bb8d-cd45c81737ba.jpg","destino":"D:/New/temp/SPO/SPO55845/VAZIO/FOR/SPO55845_FOR_img_1.jpg"})
2021-01-28T16:37:53 - AVISO - (008) Exclusão de arquivo: (./downloads/97302b38-10ba-4c69-9576-82dbded0e4af.jpg) >> ({"success":true,"message":"Exclusão. OK.","file":"./downloads/97302b38-10ba-4c69-9576-82dbded0e4af.jpg"})
2021-01-28T16:37:53 - AVISO - (008) Exclusão de arquivo: (./downloads/f02d220c-ea83-45de-bb8d-cd45c81737ba.jpg) >> ({"success":true,"message":"Exclusão. OK.","file":"./downloads/f02d220c-ea83-45de-bb8d-cd45c81737ba.jpg"})
2021-01-28T16:37:53 - AVISO - (008) Exclusão de arquivo: (./downloads/afbd40a3-ecd9-454f-9e18-e53655efea28.jpg) >> ({"success":true,"message":"Exclusão. OK.","file":"./downloads/afbd40a3-ecd9-454f-9e18-e53655efea28.jpg"})
2021-01-28T16:37:53 - AVISO - (009) Registro de Baixa SCCD na API: ID:(9) >> ({"rowsAffected":1,"msg":"OK","Erro":"","success":true,"message":"Baixado com sucesso !!!","id":9})
2021-01-28T16:37:53 - AVISO - (009) Registro de Baixa SCCD na API: ID:(19) >> ({"rowsAffected":1,"msg":"OK","Erro":"","success":true,"message":"Baixado com sucesso !!!","id":19})
2021-01-28T16:37:53 - AVISO - (009) Registro de Baixa SCCD na API: ID:(11) >> ({"rowsAffected":1,"msg":"OK","Erro":"","success":true,"message":"Baixado com sucesso !!!","id":11})
2021-01-28T16:37:54 - AVISO - (020) Registro incluido com sucesso ALB : ID:(816340) >> ({"fieldCount":0,"affectedRows":1,"insertId":816340,"info":"","serverStatus":2,"warningStatus":1})
2021-01-28T16:37:54 - SUCESSO - (049) Processo concluido na API: ID:(13)
2021-01-28T16:37:56 - AVISO - (020) Registro incluido com sucesso ALB : ID:(816341) >> ({"fieldCount":0,"affectedRows":1,"insertId":816341,"info":"","serverStatus":2,"warningStatus":1})
2021-01-28T16:37:56 - AVISO - (020) Registro incluido com sucesso ALB : ID:(816342) >> ({"fieldCount":0,"affectedRows":1,"insertId":816342,"info":"","serverStatus":2,"warningStatus":1})
2021-01-28T16:37:56 - AVISO - (020) Registro incluido com sucesso ALB : ID:(816343) >> ({"fieldCount":0,"affectedRows":1,"insertId":816343,"info":"","serverStatus":2,"warningStatus":1})
2021-01-28T16:37:56 - AVISO - (020) Registro incluido com sucesso ALB : ID:(816344) >> ({"fieldCount":0,"affectedRows":1,"insertId":816344,"info":"","serverStatus":2,"warningStatus":1})
2021-01-28T16:37:56 - AVISO - (020) Registro incluido com sucesso ALB : ID:(816345) >> ({"fieldCount":0,"affectedRows":1,"insertId":816345,"info":"","serverStatus":2,"warningStatus":1})
2021-01-28T16:37:56 - AVISO - (030) Registro incluido com sucesso ANX : ID:(102728) >> ({"fieldCount":0,"affectedRows":1,"insertId":102728,"info":"","serverStatus":2,"warningStatus":1})
2021-01-28T16:37:56 - SUCESSO - (049) Processo concluido na API: ID:(28)
2021-01-28T16:37:56 - AVISO - (030) Registro incluido com sucesso ANX : ID:(102729) >> ({"fieldCount":0,"affectedRows":1,"insertId":102729,"info":"","serverStatus":2,"warningStatus":1})
2021-01-28T16:37:56 - AVISO - (030) Registro incluido com sucesso ANX : ID:(102730) >> ({"fieldCount":0,"affectedRows":1,"insertId":102730,"info":"","serverStatus":2,"warningStatus":1})
2021-01-28T16:37:56 - AVISO - (030) Registro incluido com sucesso ANX : ID:(102731) >> ({"fieldCount":0,"affectedRows":1,"insertId":102731,"info":"","serverStatus":2,"warningStatus":1})
2021-01-28T16:37:56 - AVISO - (030) Registro incluido com sucesso ANX : ID:(102732) >> ({"fieldCount":0,"affectedRows":1,"insertId":102732,"info":"","serverStatus":2,"warningStatus":1})
2021-01-28T16:37:56 - SUCESSO - (049) Processo concluido na API: ID:(11)
2021-01-28T16:37:56 - SUCESSO - (049) Processo concluido na API: ID:(29)
2021-01-28T16:37:56 - SUCESSO - (049) Processo concluido na API: ID:(9)
2021-01-28T16:37:56 - SUCESSO - (049) Processo concluido na API: ID:(10)
2021-01-28T16:37:56 - SUCESSO - (049) Processo concluido na API: ID:(19)
2021-01-28T16:44:09 - INFO - (011) Retorno da API. ( 0 itens )
2021-01-28T16:44:09 - AVISO - (010) StartListaSCCD
2021-01-28T16:57:33 - INFO - (011) Retorno da API. ( 0 itens )
2021-01-28T16:57:33 - INFO - (010) StartListaSCCD / 1
2021-01-28T16:58:03 - INFO - (011) Retorno da API. ( 0 itens )
2021-01-28T16:58:03 - INFO - (010) StartListaSCCD / 2
2021-01-28T16:58:33 - INFO - (010) StartListaSCCD / 3
2021-01-28T16:58:33 - INFO - (011) Retorno da API. ( 0 itens )
2021-01-28T16:59:03 - INFO - (011) Retorno da API. ( 0 itens )
2021-01-28T16:59:03 - INFO - (010) StartListaSCCD / 4
2021-01-28T16:59:33 - INFO - (011) Retorno da API. ( 0 itens )
2021-01-28T16:59:33 - INFO - (010) StartListaSCCD / 5
2021-01-28T17:00:03 - INFO - (011) Retorno da API. ( 0 itens )
2021-01-28T17:00:03 - INFO - (010) StartListaSCCD / 6
2021-01-28T17:00:33 - INFO - (011) Retorno da API. ( 0 itens )
2021-01-28T17:00:33 - INFO - (010) StartListaSCCD / 7
2021-01-28T17:01:03 - INFO - (011) Retorno da API. ( 0 itens )
2021-01-28T17:01:03 - INFO - (010) StartListaSCCD / 8
2021-01-28T17:01:33 - INFO - (011) Retorno da API. ( 0 itens )
2021-01-28T17:01:33 - INFO - (010) StartListaSCCD / 9
2021-01-28T17:02:03 - INFO - (011) Retorno da API. ( 0 itens )
2021-01-28T17:02:03 - INFO - (010) StartListaSCCD / 10
2021-01-28T17:02:33 - INFO - (010) StartListaSCCD / 11
2021-01-28T17:02:33 - INFO - (011) Retorno da API. ( 0 itens )
2021-01-28T17:03:03 - INFO - (010) StartListaSCCD / 12
2021-01-28T17:03:03 - INFO - (011) Retorno da API. ( 0 itens )
2021-01-28T17:03:33 - INFO - (011) Retorno da API. ( 0 itens )
2021-01-28T17:03:33 - INFO - (010) StartListaSCCD / 13
2021-01-28T17:04:03 - INFO - (011) Retorno da API. ( 0 itens )
2021-01-28T17:04:03 - INFO - (010) StartListaSCCD / 14
2021-01-28T17:04:33 - INFO - (011) Retorno da API. ( 0 itens )
2021-01-28T17:04:33 - INFO - (010) StartListaSCCD / 15
2021-01-28T17:05:03 - INFO - (011) Retorno da API. ( 0 itens )
2021-01-28T17:05:03 - INFO - (010) StartListaSCCD / 16
2021-01-28T17:05:33 - INFO - (011) Retorno da API. ( 0 itens )
2021-01-28T17:05:33 - INFO - (010) StartListaSCCD / 17
2021-01-28T17:06:03 - INFO - (010) StartListaSCCD / 18
2021-01-28T17:06:03 - INFO - (011) Retorno da API. ( 0 itens )
2021-01-28T17:06:33 - INFO - (010) StartListaSCCD / 19
2021-01-28T17:06:33 - INFO - (011) Retorno da API. ( 0 itens )
2021-01-28T17:07:03 - INFO - (011) Retorno da API. ( 0 itens )
2021-01-28T17:07:03 - INFO - (010) StartListaSCCD / 20
2021-01-28T17:07:33 - INFO - (011) Retorno da API. ( 0 itens )
2021-01-28T17:07:33 - INFO - (010) StartListaSCCD / 21
2021-01-28T17:08:03 - INFO - (011) Retorno da API. ( 0 itens )
2021-01-28T17:08:03 - INFO - (010) StartListaSCCD / 22
2021-01-28T17:08:33 - INFO - (011) Retorno da API. ( 0 itens )
2021-01-28T17:08:33 - INFO - (010) StartListaSCCD / 23
2021-01-28T17:09:03 - INFO - (011) Retorno da API. ( 0 itens )
2021-01-28T17:09:03 - INFO - (010) StartListaSCCD / 24
2021-01-28T17:09:33 - INFO - (011) Retorno da API. ( 0 itens )
2021-01-28T17:09:33 - INFO - (010) StartListaSCCD / 25
2021-01-28T17:10:03 - INFO - (011) Retorno da API. ( 0 itens )
2021-01-28T17:10:03 - INFO - (010) StartListaSCCD / 26
2021-01-28T17:10:33 - INFO - (011) Retorno da API. ( 0 itens )
2021-01-28T17:10:33 - INFO - (010) StartListaSCCD / 27
2021-01-28T17:11:03 - INFO - (011) Retorno da API. ( 0 itens )
2021-01-28T17:11:03 - INFO - (010) StartListaSCCD / 28
2021-01-28T17:11:33 - INFO - (010) StartListaSCCD / 29
2021-01-28T17:11:33 - INFO - (011) Retorno da API. ( 0 itens )
2021-01-28T17:12:03 - INFO - (011) Retorno da API. ( 0 itens )
2021-01-28T17:12:03 - INFO - (010) StartListaSCCD / 30
2021-01-28T17:12:33 - INFO - (011) Retorno da API. ( 0 itens )
2021-01-28T17:12:33 - INFO - (010) StartListaSCCD / 31
2021-01-28T17:13:03 - INFO - (011) Retorno da API. ( 0 itens )
2021-01-28T17:13:03 - INFO - (010) StartListaSCCD / 32
2021-01-28T17:13:33 - INFO - (011) Retorno da API. ( 0 itens )
2021-01-28T17:13:33 - INFO - (010) StartListaSCCD / 33
2021-01-28T17:14:03 - INFO - (010) StartListaSCCD / 34
2021-01-28T17:14:03 - INFO - (011) Retorno da API. ( 0 itens )
2021-01-28T17:14:33 - INFO - (011) Retorno da API. ( 0 itens )
2021-01-28T17:14:33 - INFO - (010) StartListaSCCD / 35
2021-01-28T17:15:03 - INFO - (011) Retorno da API. ( 0 itens )
2021-01-28T17:15:03 - INFO - (010) StartListaSCCD / 36
2021-01-28T17:15:33 - INFO - (010) StartListaSCCD / 37
2021-01-28T17:15:33 - INFO - (011) Retorno da API. ( 0 itens )
2021-01-28T17:16:03 - INFO - (011) Retorno da API. ( 0 itens )
2021-01-28T17:16:03 - INFO - (010) StartListaSCCD / 38
2021-01-28T17:16:33 - INFO - (011) Retorno da API. ( 0 itens )
2021-01-28T17:16:33 - INFO - (010) StartListaSCCD / 39
2021-01-28T17:17:03 - INFO - (010) StartListaSCCD / 40
2021-01-28T17:17:03 - INFO - (011) Retorno da API. ( 0 itens )
2021-01-28T17:17:33 - INFO - (011) Retorno da API. ( 0 itens )
2021-01-28T17:17:33 - INFO - (010) StartListaSCCD / 41
2021-01-28T17:18:03 - INFO - (011) Retorno da API. ( 0 itens )
2021-01-28T17:18:03 - INFO - (010) StartListaSCCD / 42
2021-01-28T17:18:33 - INFO - (011) Retorno da API. ( 0 itens )
2021-01-28T17:18:33 - INFO - (010) StartListaSCCD / 43
2021-01-28T17:19:03 - INFO - (011) Retorno da API. ( 0 itens )
2021-01-28T17:19:03 - INFO - (010) StartListaSCCD / 44
2021-01-28T17:19:33 - INFO - (010) StartListaSCCD / 45
2021-01-28T17:19:33 - INFO - (011) Retorno da API. ( 0 itens )
2021-01-28T17:20:03 - INFO - (010) StartListaSCCD / 46
2021-01-28T17:20:03 - INFO - (011) Retorno da API. ( 0 itens )
2021-01-28T17:20:33 - INFO - (011) Retorno da API. ( 0 itens )
2021-01-28T17:20:33 - INFO - (010) StartListaSCCD / 47
2021-01-28T17:21:03 - INFO - (011) Retorno da API. ( 0 itens )
2021-01-28T17:21:03 - INFO - (010) StartListaSCCD / 48
2021-01-28T17:21:33 - INFO - (011) Retorno da API. ( 0 itens )
2021-01-28T17:21:33 - INFO - (010) StartListaSCCD / 49
2021-01-28T17:22:03 - INFO - (011) Retorno da API. ( 0 itens )
2021-01-28T17:22:03 - INFO - (010) StartListaSCCD / 50
2021-01-28T17:22:33 - INFO - (010) StartListaSCCD / 51
2021-01-28T17:22:33 - INFO - (011) Retorno da API. ( 0 itens )
2021-01-28T17:23:03 - INFO - (011) Retorno da API. ( 0 itens )
2021-01-28T17:23:03 - INFO - (010) StartListaSCCD / 52
2021-01-28T17:23:33 - INFO - (011) Retorno da API. ( 0 itens )
2021-01-28T17:23:33 - INFO - (010) StartListaSCCD / 53
2021-01-28T17:24:03 - INFO - (010) StartListaSCCD / 54
2021-01-28T17:24:03 - INFO - (011) Retorno da API. ( 0 itens )
2021-01-28T17:24:33 - INFO - (011) Retorno da API. ( 0 itens )
2021-01-28T17:24:33 - INFO - (010) StartListaSCCD / 55
2021-01-28T17:25:03 - INFO - (010) StartListaSCCD / 56
2021-01-28T17:25:03 - INFO - (011) Retorno da API. ( 0 itens )
2021-01-28T17:25:33 - INFO - (011) Retorno da API. ( 0 itens )
2021-01-28T17:25:33 - INFO - (010) StartListaSCCD / 57
2021-01-28T17:26:03 - INFO - (011) Retorno da API. ( 0 itens )
2021-01-28T17:26:03 - INFO - (010) StartListaSCCD / 58
2021-01-28T17:26:33 - INFO - (011) Retorno da API. ( 0 itens )
2021-01-28T17:26:33 - INFO - (010) StartListaSCCD / 59
2021-01-28T17:27:03 - INFO - (010) StartListaSCCD / 60
2021-01-28T17:27:03 - INFO - (011) Retorno da API. ( 0 itens )
2021-01-28T17:27:33 - INFO - (011) Retorno da API. ( 0 itens )
2021-01-28T17:27:33 - INFO - (010) StartListaSCCD / 61
2021-01-28T17:28:03 - INFO - (011) Retorno da API. ( 0 itens )
2021-01-28T17:28:03 - INFO - (010) StartListaSCCD / 62
2021-01-28T17:28:33 - INFO - (011) Retorno da API. ( 0 itens )
2021-01-28T17:28:33 - INFO - (010) StartListaSCCD / 63
2021-01-28T17:29:03 - INFO - (011) Retorno da API. ( 0 itens )
2021-01-28T17:29:03 - INFO - (010) StartListaSCCD / 64
2021-01-28T17:29:33 - INFO - (011) Retorno da API. ( 1 itens )
2021-01-28T17:29:33 - INFO - (010) StartListaSCCD / 65
2021-01-28T17:29:33 - INFO - (004) Obtendo imagem. (0333baa3-e8dd-406d-abb9-9da1d5b49396.jpg)
2021-01-28T17:29:33 - AVISO - (007) Copia de arquivo: (./downloads/0333baa3-e8dd-406d-abb9-9da1d5b49396.jpg) => (D:/New/temp/SAV/SAV6271/CARGA/FOR/SAV6271_FOR_img_1.jpg) >> ({"success":true,"message":"Copia. OK.","origem":"./downloads/0333baa3-e8dd-406d-abb9-9da1d5b49396.jpg","destino":"D:/New/temp/SAV/SAV6271/CARGA/FOR/SAV6271_FOR_img_1.jpg"})
2021-01-28T17:29:33 - AVISO - (008) Exclusão de arquivo: (./downloads/0333baa3-e8dd-406d-abb9-9da1d5b49396.jpg) >> ({"success":true,"message":"Exclusão. OK.","file":"./downloads/0333baa3-e8dd-406d-abb9-9da1d5b49396.jpg"})
2021-01-28T17:29:33 - AVISO - (009) Registro de Baixa SCCD na API: ID:(33) >> ({"rowsAffected":1,"msg":"OK","Erro":"","success":true,"message":"Baixado com sucesso !!!","id":33})
2021-01-28T17:29:34 - AVISO - (020) Registro incluido com sucesso ALB : ID:(816346) >> ({"fieldCount":0,"affectedRows":1,"insertId":816346,"info":"","serverStatus":2,"warningStatus":1})
2021-01-28T17:29:34 - AVISO - (030) Registro incluido com sucesso ANX : ID:(102733) >> ({"fieldCount":0,"affectedRows":1,"insertId":102733,"info":"","serverStatus":2,"warningStatus":1})
2021-01-28T17:29:34 - SUCESSO - (049) Processo concluido na API: ID:(33)
2021-01-28T17:30:03 - INFO - (011) Retorno da API. ( 0 itens )
2021-01-28T17:30:03 - INFO - (010) StartListaSCCD / 66
2021-01-28T17:30:33 - INFO - (010) StartListaSCCD / 67
2021-01-28T17:30:33 - INFO - (011) Retorno da API. ( 0 itens )
2021-01-28T17:31:03 - INFO - (010) StartListaSCCD / 68
2021-01-28T17:31:03 - INFO - (011) Retorno da API. ( 0 itens )
2021-01-28T17:31:33 - INFO - (011) Retorno da API. ( 0 itens )
2021-01-28T17:31:33 - INFO - (010) StartListaSCCD / 69
2021-01-28T17:32:03 - INFO - (011) Retorno da API. ( 1 itens )
2021-01-28T17:32:03 - INFO - (010) StartListaSCCD / 70
2021-01-28T17:32:03 - INFO - (004) Obtendo imagem. (d377ee17-2e11-40eb-95e6-de924fbaf594.jpg)
2021-01-28T17:32:03 - AVISO - (007) Copia de arquivo: (./downloads/d377ee17-2e11-40eb-95e6-de924fbaf594.jpg) => (D:/New/temp/SAV/SAV6271/CARGA/FOR/SAV6271_FOR_img_2.jpg) >> ({"success":true,"message":"Copia. OK.","origem":"./downloads/d377ee17-2e11-40eb-95e6-de924fbaf594.jpg","destino":"D:/New/temp/SAV/SAV6271/CARGA/FOR/SAV6271_FOR_img_2.jpg"})
2021-01-28T17:32:03 - AVISO - (008) Exclusão de arquivo: (./downloads/d377ee17-2e11-40eb-95e6-de924fbaf594.jpg) >> ({"success":true,"message":"Exclusão. OK.","file":"./downloads/d377ee17-2e11-40eb-95e6-de924fbaf594.jpg"})
2021-01-28T17:32:03 - AVISO - (009) Registro de Baixa SCCD na API: ID:(34) >> ({"rowsAffected":1,"msg":"OK","Erro":"","success":true,"message":"Baixado com sucesso !!!","id":34})
2021-01-28T17:32:04 - AVISO - (020) Registro incluido com sucesso ALB : ID:(816347) >> ({"fieldCount":0,"affectedRows":1,"insertId":816347,"info":"","serverStatus":2,"warningStatus":1})
2021-01-28T17:32:04 - SUCESSO - (049) Processo concluido na API: ID:(34)
2021-01-28T17:32:33 - INFO - (011) Retorno da API. ( 0 itens )
2021-01-28T17:32:33 - INFO - (010) StartListaSCCD / 71
2021-01-28T17:33:03 - INFO - (010) StartListaSCCD / 72
2021-01-28T17:33:03 - INFO - (011) Retorno da API. ( 0 itens )
2021-01-28T17:33:33 - INFO - (010) StartListaSCCD / 73
2021-01-28T17:33:33 - INFO - (011) Retorno da API. ( 0 itens )
2021-01-28T17:34:03 - INFO - (011) Retorno da API. ( 0 itens )
2021-01-28T17:34:03 - INFO - (010) StartListaSCCD / 74
2021-01-28T17:34:33 - INFO - (011) Retorno da API. ( 0 itens )
2021-01-28T17:34:33 - INFO - (010) StartListaSCCD / 75
2021-01-28T17:35:03 - INFO - (011) Retorno da API. ( 0 itens )
2021-01-28T17:35:03 - INFO - (010) StartListaSCCD / 76
2021-01-28T17:35:33 - INFO - (011) Retorno da API. ( 0 itens )
2021-01-28T17:35:33 - INFO - (010) StartListaSCCD / 77
2021-01-28T17:36:03 - INFO - (010) StartListaSCCD / 78
2021-01-28T17:36:03 - INFO - (011) Retorno da API. ( 0 itens )
2021-01-28T17:36:33 - INFO - (011) Retorno da API. ( 0 itens )
2021-01-28T17:36:33 - INFO - (010) StartListaSCCD / 79
2021-01-28T17:37:03 - INFO - (011) Retorno da API. ( 0 itens )
2021-01-28T17:37:03 - INFO - (010) StartListaSCCD / 80
2021-01-28T17:37:33 - INFO - (011) Retorno da API. ( 0 itens )
2021-01-28T17:37:33 - INFO - (010) StartListaSCCD / 81
2021-01-28T17:38:03 - INFO - (010) StartListaSCCD / 82
2021-01-28T17:38:03 - INFO - (011) Retorno da API. ( 0 itens )
2021-01-28T17:38:33 - INFO - (011) Retorno da API. ( 0 itens )
2021-01-28T17:38:33 - INFO - (010) StartListaSCCD / 83
2021-01-28T17:39:03 - INFO - (010) StartListaSCCD / 84
2021-01-28T17:39:03 - INFO - (011) Retorno da API. ( 0 itens )
2021-01-28T17:39:33 - INFO - (011) Retorno da API. ( 0 itens )
2021-01-28T17:39:33 - INFO - (010) StartListaSCCD / 85
2021-01-28T17:40:03 - INFO - (011) Retorno da API. ( 0 itens )
2021-01-28T17:40:03 - INFO - (010) StartListaSCCD / 86
2021-01-28T17:40:33 - INFO - (011) Retorno da API. ( 0 itens )
2021-01-28T17:40:33 - INFO - (010) StartListaSCCD / 87
2021-01-28T17:41:03 - INFO - (011) Retorno da API. ( 0 itens )
2021-01-28T17:41:03 - INFO - (010) StartListaSCCD / 88
2021-01-28T17:41:33 - INFO - (011) Retorno da API. ( 0 itens )
2021-01-28T17:41:33 - INFO - (010) StartListaSCCD / 89
2021-01-28T17:42:03 - INFO - (011) Retorno da API. ( 0 itens )
2021-01-28T17:42:03 - INFO - (010) StartListaSCCD / 90
2021-01-28T17:42:33 - INFO - (010) StartListaSCCD / 91
2021-01-28T17:42:33 - INFO - (011) Retorno da API. ( 0 itens )
2021-01-28T17:43:03 - INFO - (010) StartListaSCCD / 92
2021-01-28T17:43:03 - INFO - (011) Retorno da API. ( 0 itens )
2021-01-28T17:43:33 - INFO - (010) StartListaSCCD / 93
2021-01-28T17:43:33 - INFO - (011) Retorno da API. ( 0 itens )
2021-01-28T17:44:03 - INFO - (011) Retorno da API. ( 0 itens )
2021-01-28T17:44:03 - INFO - (010) StartListaSCCD / 94
2021-01-28T17:44:33 - INFO - (011) Retorno da API. ( 0 itens )
2021-01-28T17:44:33 - INFO - (010) StartListaSCCD / 95
2021-01-28T17:45:03 - INFO - (011) Retorno da API. ( 0 itens )
2021-01-28T17:45:03 - INFO - (010) StartListaSCCD / 96
2021-01-28T17:45:33 - INFO - (010) StartListaSCCD / 97
2021-01-28T17:45:33 - INFO - (011) Retorno da API. ( 0 itens )
2021-01-28T17:46:03 - INFO - (010) StartListaSCCD / 98
2021-01-28T17:46:03 - INFO - (011) Retorno da API. ( 0 itens )
2021-01-28T17:46:33 - INFO - (011) Retorno da API. ( 0 itens )
2021-01-28T17:46:33 - INFO - (010) StartListaSCCD / 99
2021-01-28T17:47:03 - INFO - (011) Retorno da API. ( 0 itens )
2021-01-28T17:47:03 - INFO - (010) StartListaSCCD / 100
2021-01-28T17:47:33 - INFO - (011) Retorno da API. ( 0 itens )
2021-01-28T17:47:33 - INFO - (010) StartListaSCCD / 101
2021-01-28T17:48:03 - INFO - (010) StartListaSCCD / 102
2021-01-28T17:48:03 - INFO - (011) Retorno da API. ( 0 itens )
2021-01-28T17:48:33 - INFO - (011) Retorno da API. ( 0 itens )
2021-01-28T17:48:33 - INFO - (010) StartListaSCCD / 103
2021-01-28T17:49:03 - INFO - (011) Retorno da API. ( 0 itens )
2021-01-28T17:49:03 - INFO - (010) StartListaSCCD / 104
2021-01-28T17:49:33 - INFO - (010) StartListaSCCD / 105
2021-01-28T17:49:33 - INFO - (011) Retorno da API. ( 0 itens )
2021-01-28T17:50:03 - INFO - (011) Retorno da API. ( 0 itens )
2021-01-28T17:50:03 - INFO - (010) StartListaSCCD / 106
2021-01-28T17:50:33 - INFO - (011) Retorno da API. ( 0 itens )
2021-01-28T17:50:33 - INFO - (010) StartListaSCCD / 107
2021-01-28T17:51:03 - INFO - (010) StartListaSCCD / 108
2021-01-28T17:51:03 - INFO - (011) Retorno da API. ( 0 itens )
2021-01-28T17:51:33 - INFO - (011) Retorno da API. ( 0 itens )
2021-01-28T17:51:33 - INFO - (010) StartListaSCCD / 109
2021-01-28T17:52:03 - INFO - (011) Retorno da API. ( 0 itens )
2021-01-28T17:52:03 - INFO - (010) StartListaSCCD / 110
2021-01-28T17:52:33 - INFO - (010) StartListaSCCD / 111
2021-01-28T17:52:33 - INFO - (011) Retorno da API. ( 0 itens )
2021-01-28T17:53:03 - INFO - (010) StartListaSCCD / 112
2021-01-28T17:53:03 - INFO - (011) Retorno da API. ( 0 itens )
2021-01-28T17:53:33 - INFO - (011) Retorno da API. ( 0 itens )
2021-01-28T17:53:33 - INFO - (010) StartListaSCCD / 113
2021-01-28T17:54:03 - INFO - (011) Retorno da API. ( 0 itens )
2021-01-28T17:54:03 - INFO - (010) StartListaSCCD / 114
2021-01-28T17:54:33 - INFO - (011) Retorno da API. ( 0 itens )
2021-01-28T17:54:33 - INFO - (010) StartListaSCCD / 115
2021-01-28T17:55:03 - INFO - (011) Retorno da API. ( 0 itens )
2021-01-28T17:55:03 - INFO - (010) StartListaSCCD / 116
2021-01-28T17:55:33 - INFO - (011) Retorno da API. ( 0 itens )
2021-01-28T17:55:33 - INFO - (010) StartListaSCCD / 117
2021-01-28T17:56:03 - INFO - (011) Retorno da API. ( 0 itens )
2021-01-28T17:56:03 - INFO - (010) StartListaSCCD / 118
2021-01-28T17:56:33 - INFO - (010) StartListaSCCD / 119
2021-01-28T17:56:33 - INFO - (011) Retorno da API. ( 0 itens )
2021-01-28T17:57:03 - INFO - (011) Retorno da API. ( 0 itens )
2021-01-28T17:57:03 - INFO - (010) StartListaSCCD / 120
2021-01-28T17:57:33 - INFO - (011) Retorno da API. ( 0 itens )
2021-01-28T17:57:33 - INFO - (010) StartListaSCCD / 121
2021-01-28T17:58:03 - INFO - (011) Retorno da API. ( 0 itens )
2021-01-28T17:58:03 - INFO - (010) StartListaSCCD / 122
2021-01-28T17:58:33 - INFO - (011) Retorno da API. ( 0 itens )
2021-01-28T17:58:33 - INFO - (010) StartListaSCCD / 123
2021-01-28T17:59:03 - INFO - (011) Retorno da API. ( 0 itens )
2021-01-28T17:59:03 - INFO - (010) StartListaSCCD / 124
2021-01-28T17:59:33 - INFO - (011) Retorno da API. ( 0 itens )
2021-01-28T17:59:33 - INFO - (010) StartListaSCCD / 125
2021-01-28T18:00:03 - INFO - (011) Retorno da API. ( 0 itens )
2021-01-28T18:00:03 - INFO - (010) StartListaSCCD / 126
2021-01-28T18:00:33 - INFO - (011) Retorno da API. ( 0 itens )
2021-01-28T18:00:33 - INFO - (010) StartListaSCCD / 127
2021-01-28T18:01:03 - INFO - (011) Retorno da API. ( 0 itens )
2021-01-28T18:01:03 - INFO - (010) StartListaSCCD / 128
2021-01-28T18:01:33 - INFO - (011) Retorno da API. ( 0 itens )
2021-01-28T18:01:33 - INFO - (010) StartListaSCCD / 129
2021-01-28T18:02:03 - INFO - (011) Retorno da API. ( 0 itens )
2021-01-28T18:02:03 - INFO - (010) StartListaSCCD / 130
2021-01-28T18:02:33 - INFO - (010) StartListaSCCD / 131
2021-01-28T18:02:33 - INFO - (011) Retorno da API. ( 0 itens )
2021-01-28T18:03:03 - INFO - (011) Retorno da API. ( 0 itens )
2021-01-28T18:03:03 - INFO - (010) StartListaSCCD / 132
2021-01-28T18:03:33 - INFO - (011) Retorno da API. ( 0 itens )
2021-01-28T18:03:33 - INFO - (010) StartListaSCCD / 133
2021-01-28T18:04:03 - INFO - (010) StartListaSCCD / 134
2021-01-28T18:04:03 - INFO - (011) Retorno da API. ( 0 itens )
