2021-01-27T17:26:33 - INFO - (011) Retorno da API. ( 31 itens )
2021-01-27T17:26:33 - AVISO - (010) StartListaSCCD
2021-01-27T17:26:34 - INFO - (004) Obtendo imagem. (d8870052-def2-48bd-83a3-70f5d9aca4cd.jpg)
2021-01-27T17:26:35 - INFO - (004) Obtendo imagem. (8b3f74d9-42f9-42fb-be22-3d6bf83c64df.jpg)
2021-01-27T17:26:35 - AVISO - (007) Copia de arquivo: (./downloads/8b3f74d9-42f9-42fb-be22-3d6bf83c64df.jpg) => (D:/New/temp/SAV/SAV6271/DESCARGA/FOR/SAV6271_FOR_img_1.jpg) >> ({"success":true,"message":"Copia. OK.","origem":"./downloads/8b3f74d9-42f9-42fb-be22-3d6bf83c64df.jpg","destino":"D:/New/temp/SAV/SAV6271/DESCARGA/FOR/SAV6271_FOR_img_1.jpg"})
2021-01-27T17:26:35 - AVISO - (008) Exclusão de arquivo: (./downloads/8b3f74d9-42f9-42fb-be22-3d6bf83c64df.jpg) >> ({"success":true,"message":"Exclusão. OK.","file":"./downloads/8b3f74d9-42f9-42fb-be22-3d6bf83c64df.jpg"})
2021-01-27T17:26:35 - AVISO - (009) Registro de Baixa SCCD na API: ID:(14) >> ({"rowsAffected":1,"msg":"OK","Erro":"","success":true,"message":"Baixado com sucesso !!!","id":14})
2021-01-27T17:26:35 - INFO - (004) Obtendo imagem. (a9a22d4b-614c-4713-bc15-8115a8b4fdac.jpg)
2021-01-27T17:26:35 - INFO - (004) Obtendo imagem. (a040afd9-606b-4ad9-b29a-89c7460d9b50.jpg)
2021-01-27T17:26:35 - AVISO - (007) Copia de arquivo: (./downloads/a9a22d4b-614c-4713-bc15-8115a8b4fdac.jpg) => (D:/New/temp/SPO/SPO55841/DESCARGA/FOR/SPO55841_FOR_img_1.jpg) >> ({"success":true,"message":"Copia. OK.","origem":"./downloads/a9a22d4b-614c-4713-bc15-8115a8b4fdac.jpg","destino":"D:/New/temp/SPO/SPO55841/DESCARGA/FOR/SPO55841_FOR_img_1.jpg"})
2021-01-27T17:26:35 - AVISO - (007) Copia de arquivo: (./downloads/a040afd9-606b-4ad9-b29a-89c7460d9b50.jpg) => (D:/New/temp/SPO/SPO55841/DESCARGA/FOR/SPO55841_FOR_img_1.jpg) >> ({"success":true,"message":"Copia. OK.","origem":"./downloads/a040afd9-606b-4ad9-b29a-89c7460d9b50.jpg","destino":"D:/New/temp/SPO/SPO55841/DESCARGA/FOR/SPO55841_FOR_img_1.jpg"})
2021-01-27T17:26:35 - AVISO - (008) Exclusão de arquivo: (./downloads/a9a22d4b-614c-4713-bc15-8115a8b4fdac.jpg) >> ({"success":true,"message":"Exclusão. OK.","file":"./downloads/a9a22d4b-614c-4713-bc15-8115a8b4fdac.jpg"})
2021-01-27T17:26:35 - AVISO - (008) Exclusão de arquivo: (./downloads/a040afd9-606b-4ad9-b29a-89c7460d9b50.jpg) >> ({"success":true,"message":"Exclusão. OK.","file":"./downloads/a040afd9-606b-4ad9-b29a-89c7460d9b50.jpg"})
2021-01-27T17:26:36 - INFO - (004) Obtendo imagem. (df0046e1-7826-492f-8ca4-66b734df3999.jpg)
2021-01-27T17:26:36 - AVISO - (007) Copia de arquivo: (./downloads/df0046e1-7826-492f-8ca4-66b734df3999.jpg) => (D:/New/temp/SPO/SPO55841/VAZIO/FOR/SPO55841_FOR_img_1.jpg) >> ({"success":true,"message":"Copia. OK.","origem":"./downloads/df0046e1-7826-492f-8ca4-66b734df3999.jpg","destino":"D:/New/temp/SPO/SPO55841/VAZIO/FOR/SPO55841_FOR_img_1.jpg"})
2021-01-27T17:26:36 - INFO - (004) Obtendo imagem. (4de9daea-85c5-4db2-b091-17681af529fe.jpg)
2021-01-27T17:26:36 - AVISO - (008) Exclusão de arquivo: (./downloads/df0046e1-7826-492f-8ca4-66b734df3999.jpg) >> ({"success":true,"message":"Exclusão. OK.","file":"./downloads/df0046e1-7826-492f-8ca4-66b734df3999.jpg"})
2021-01-27T17:26:36 - INFO - (004) Obtendo imagem. (3a49cee3-0a4e-4ae5-afde-39b2d1b687c0.jpg)
2021-01-27T17:26:36 - AVISO - (007) Copia de arquivo: (./downloads/4de9daea-85c5-4db2-b091-17681af529fe.jpg) => (D:/New/temp/SPO/SPO55841/DESCARGA/FOR/SPO55841_FOR_img_2.jpg) >> ({"success":true,"message":"Copia. OK.","origem":"./downloads/4de9daea-85c5-4db2-b091-17681af529fe.jpg","destino":"D:/New/temp/SPO/SPO55841/DESCARGA/FOR/SPO55841_FOR_img_2.jpg"})
2021-01-27T17:26:36 - AVISO - (009) Registro de Baixa SCCD na API: ID:(4) >> ({"rowsAffected":1,"msg":"OK","Erro":"","success":true,"message":"Baixado com sucesso !!!","id":4})
2021-01-27T17:26:36 - AVISO - (008) Exclusão de arquivo: (./downloads/4de9daea-85c5-4db2-b091-17681af529fe.jpg) >> ({"success":true,"message":"Exclusão. OK.","file":"./downloads/4de9daea-85c5-4db2-b091-17681af529fe.jpg"})
2021-01-27T17:26:36 - AVISO - (009) Registro de Baixa SCCD na API: ID:(3) >> ({"rowsAffected":1,"msg":"OK","Erro":"","success":true,"message":"Baixado com sucesso !!!","id":3})
2021-01-27T17:26:36 - AVISO - (009) Registro de Baixa SCCD na API: ID:(6) >> ({"rowsAffected":1,"msg":"OK","Erro":"","success":true,"message":"Baixado com sucesso !!!","id":6})
2021-01-27T17:26:36 - AVISO - (007) Copia de arquivo: (./downloads/3a49cee3-0a4e-4ae5-afde-39b2d1b687c0.jpg) => (D:/New/temp/NAT/NAT9330/CARGA/FOR/NAT9330_FOR_img_1.jpg) >> ({"success":true,"message":"Copia. OK.","origem":"./downloads/3a49cee3-0a4e-4ae5-afde-39b2d1b687c0.jpg","destino":"D:/New/temp/NAT/NAT9330/CARGA/FOR/NAT9330_FOR_img_1.jpg"})
2021-01-27T17:26:36 - AVISO - (008) Exclusão de arquivo: (./downloads/3a49cee3-0a4e-4ae5-afde-39b2d1b687c0.jpg) >> ({"success":true,"message":"Exclusão. OK.","file":"./downloads/3a49cee3-0a4e-4ae5-afde-39b2d1b687c0.jpg"})
2021-01-27T17:26:36 - INFO - (004) Obtendo imagem. (0ba750d0-1915-4b53-8ccd-231c11537c56.jpg)
2021-01-27T17:26:36 - INFO - (004) Obtendo imagem. (2dd5f4a9-64d4-4136-a9a7-202b475cc5ce.jpg)
2021-01-27T17:26:36 - AVISO - (009) Registro de Baixa SCCD na API: ID:(5) >> ({"rowsAffected":1,"msg":"OK","Erro":"","success":true,"message":"Baixado com sucesso !!!","id":5})
2021-01-27T17:26:36 - AVISO - (007) Copia de arquivo: (./downloads/0ba750d0-1915-4b53-8ccd-231c11537c56.jpg) => (D:/New/temp/SPO/SPO55841/CARGA/FOR/SPO55841_FOR_img_1.jpg) >> ({"success":true,"message":"Copia. OK.","origem":"./downloads/0ba750d0-1915-4b53-8ccd-231c11537c56.jpg","destino":"D:/New/temp/SPO/SPO55841/CARGA/FOR/SPO55841_FOR_img_1.jpg"})
2021-01-27T17:26:36 - AVISO - (007) Copia de arquivo: (./downloads/2dd5f4a9-64d4-4136-a9a7-202b475cc5ce.jpg) => (D:/New/temp/SPO/SPO55841/CARGA/FOR/SPO55841_FOR_img_1.jpg) >> ({"success":true,"message":"Copia. OK.","origem":"./downloads/2dd5f4a9-64d4-4136-a9a7-202b475cc5ce.jpg","destino":"D:/New/temp/SPO/SPO55841/CARGA/FOR/SPO55841_FOR_img_1.jpg"})
2021-01-27T17:26:36 - INFO - (004) Obtendo imagem. (c9aec9fb-20b7-4e69-b2f5-fe8ec542f4e8.jpg)
2021-01-27T17:26:36 - AVISO - (008) Exclusão de arquivo: (./downloads/0ba750d0-1915-4b53-8ccd-231c11537c56.jpg) >> ({"success":true,"message":"Exclusão. OK.","file":"./downloads/0ba750d0-1915-4b53-8ccd-231c11537c56.jpg"})
2021-01-27T17:26:36 - AVISO - (008) Exclusão de arquivo: (./downloads/2dd5f4a9-64d4-4136-a9a7-202b475cc5ce.jpg) >> ({"success":true,"message":"Exclusão. OK.","file":"./downloads/2dd5f4a9-64d4-4136-a9a7-202b475cc5ce.jpg"})
2021-01-27T17:26:36 - AVISO - (009) Registro de Baixa SCCD na API: ID:(12) >> ({"rowsAffected":1,"msg":"OK","Erro":"","success":true,"message":"Baixado com sucesso !!!","id":12})
2021-01-27T17:26:36 - AVISO - (007) Copia de arquivo: (./downloads/c9aec9fb-20b7-4e69-b2f5-fe8ec542f4e8.jpg) => (D:/New/temp/NAT/NAT9330/DESCARGA/FOR/NAT9330_FOR_img_1.jpg) >> ({"success":true,"message":"Copia. OK.","origem":"./downloads/c9aec9fb-20b7-4e69-b2f5-fe8ec542f4e8.jpg","destino":"D:/New/temp/NAT/NAT9330/DESCARGA/FOR/NAT9330_FOR_img_1.jpg"})
2021-01-27T17:26:36 - AVISO - (008) Exclusão de arquivo: (./downloads/c9aec9fb-20b7-4e69-b2f5-fe8ec542f4e8.jpg) >> ({"success":true,"message":"Exclusão. OK.","file":"./downloads/c9aec9fb-20b7-4e69-b2f5-fe8ec542f4e8.jpg"})
2021-01-27T17:26:36 - AVISO - (009) Registro de Baixa SCCD na API: ID:(7) >> ({"rowsAffected":1,"msg":"OK","Erro":"","success":true,"message":"Baixado com sucesso !!!","id":7})
2021-01-27T17:26:36 - INFO - (004) Obtendo imagem. (72e55720-04da-48d2-b1b7-8a3454840f60.jpg)
2021-01-27T17:26:36 - INFO - (004) Obtendo imagem. (1043ebd9-f63c-43d9-b787-04ada7713c28.jpg)
2021-01-27T17:26:36 - AVISO - (009) Registro de Baixa SCCD na API: ID:(8) >> ({"rowsAffected":1,"msg":"OK","Erro":"","success":true,"message":"Baixado com sucesso !!!","id":8})
2021-01-27T17:26:36 - INFO - (004) Obtendo imagem. (f02d220c-ea83-45de-bb8d-cd45c81737ba.jpg)
2021-01-27T17:26:36 - INFO - (004) Obtendo imagem. (49170052-7f3c-42cc-b4d1-b3dc21bcdcc8.jpg)
2021-01-27T17:26:36 - INFO - (004) Obtendo imagem. (949468d9-9d01-4618-bcde-24bc69ffcaa9.jpg)
2021-01-27T17:26:36 - INFO - (004) Obtendo imagem. (ed70a146-1353-4a49-83f8-05756bf70416.jpg)
2021-01-27T17:26:36 - AVISO - (007) Copia de arquivo: (./downloads/72e55720-04da-48d2-b1b7-8a3454840f60.jpg) => (D:/New/temp/SPO/SPO55952/DESCARGA/FOR/SPO55952_FOR_img_1.jpg) >> ({"success":true,"message":"Copia. OK.","origem":"./downloads/72e55720-04da-48d2-b1b7-8a3454840f60.jpg","destino":"D:/New/temp/SPO/SPO55952/DESCARGA/FOR/SPO55952_FOR_img_1.jpg"})
2021-01-27T17:26:36 - AVISO - (009) Registro de Baixa SCCD na API: ID:(10) >> ({"rowsAffected":1,"msg":"OK","Erro":"","success":true,"message":"Baixado com sucesso !!!","id":10})
2021-01-27T17:26:36 - INFO - (004) Obtendo imagem. (a11667f7-a287-495c-a129-273df20b117b.jpg)
2021-01-27T17:26:36 - AVISO - (007) Copia de arquivo: (./downloads/1043ebd9-f63c-43d9-b787-04ada7713c28.jpg) => (D:/New/temp/SPO/SPO55952/DESCARGA/FOR/SPO55952_FOR_img_1.jpg) >> ({"success":true,"message":"Copia. OK.","origem":"./downloads/1043ebd9-f63c-43d9-b787-04ada7713c28.jpg","destino":"D:/New/temp/SPO/SPO55952/DESCARGA/FOR/SPO55952_FOR_img_1.jpg"})
2021-01-27T17:26:36 - INFO - (004) Obtendo imagem. (8dca2888-9489-4f4c-9a8e-2fbd6fbfa9df.jpg)
2021-01-27T17:26:36 - AVISO - (008) Exclusão de arquivo: (./downloads/72e55720-04da-48d2-b1b7-8a3454840f60.jpg) >> ({"success":true,"message":"Exclusão. OK.","file":"./downloads/72e55720-04da-48d2-b1b7-8a3454840f60.jpg"})
2021-01-27T17:26:36 - AVISO - (007) Copia de arquivo: (./downloads/f02d220c-ea83-45de-bb8d-cd45c81737ba.jpg) => (D:/New/temp/SPO/SPO55845/VAZIO/FOR/SPO55845_FOR_img_1.jpg) >> ({"success":true,"message":"Copia. OK.","origem":"./downloads/f02d220c-ea83-45de-bb8d-cd45c81737ba.jpg","destino":"D:/New/temp/SPO/SPO55845/VAZIO/FOR/SPO55845_FOR_img_1.jpg"})
2021-01-27T17:26:36 - AVISO - (008) Exclusão de arquivo: (./downloads/1043ebd9-f63c-43d9-b787-04ada7713c28.jpg) >> ({"success":true,"message":"Exclusão. OK.","file":"./downloads/1043ebd9-f63c-43d9-b787-04ada7713c28.jpg"})
2021-01-27T17:26:36 - INFO - (004) Obtendo imagem. (39fb6be2-d45c-442b-b366-70b4d6e365fe.jpg)
2021-01-27T17:26:36 - AVISO - (008) Exclusão de arquivo: (./downloads/f02d220c-ea83-45de-bb8d-cd45c81737ba.jpg) >> ({"success":true,"message":"Exclusão. OK.","file":"./downloads/f02d220c-ea83-45de-bb8d-cd45c81737ba.jpg"})
2021-01-27T17:26:36 - AVISO - (007) Copia de arquivo: (./downloads/49170052-7f3c-42cc-b4d1-b3dc21bcdcc8.jpg) => (D:/New/temp/SPO/SPO55841/DESCARGA/FOR/SPO55841_FOR_img_3.jpg) >> ({"success":true,"message":"Copia. OK.","origem":"./downloads/49170052-7f3c-42cc-b4d1-b3dc21bcdcc8.jpg","destino":"D:/New/temp/SPO/SPO55841/DESCARGA/FOR/SPO55841_FOR_img_3.jpg"})
2021-01-27T17:26:36 - INFO - (004) Obtendo imagem. (cff626e3-cce3-4fa4-b8e5-6b53a1c93d16.jpg)
2021-01-27T17:26:36 - AVISO - (008) Exclusão de arquivo: (./downloads/49170052-7f3c-42cc-b4d1-b3dc21bcdcc8.jpg) >> ({"success":true,"message":"Exclusão. OK.","file":"./downloads/49170052-7f3c-42cc-b4d1-b3dc21bcdcc8.jpg"})
2021-01-27T17:26:36 - AVISO - (007) Copia de arquivo: (./downloads/949468d9-9d01-4618-bcde-24bc69ffcaa9.jpg) => (D:/New/temp/SPO/SPO55943/DESCARGA/FOR/SPO55943_FOR_img_1.jpg) >> ({"success":true,"message":"Copia. OK.","origem":"./downloads/949468d9-9d01-4618-bcde-24bc69ffcaa9.jpg","destino":"D:/New/temp/SPO/SPO55943/DESCARGA/FOR/SPO55943_FOR_img_1.jpg"})
2021-01-27T17:26:36 - INFO - (004) Obtendo imagem. (2c978bfa-5fcf-4de2-9444-e5e49d4056a3.jpg)
2021-01-27T17:26:36 - INFO - (004) Obtendo imagem. (a69ea539-887e-401e-94f2-bd3a70642498.jpg)
2021-01-27T17:26:36 - AVISO - (008) Exclusão de arquivo: (./downloads/949468d9-9d01-4618-bcde-24bc69ffcaa9.jpg) >> ({"success":true,"message":"Exclusão. OK.","file":"./downloads/949468d9-9d01-4618-bcde-24bc69ffcaa9.jpg"})
2021-01-27T17:26:36 - AVISO - (007) Copia de arquivo: (./downloads/ed70a146-1353-4a49-83f8-05756bf70416.jpg) => (D:/New/temp/SPO/SPO55841/AVARIA/FOR/SPO55841_FOR_img_1.jpg) >> ({"success":true,"message":"Copia. OK.","origem":"./downloads/ed70a146-1353-4a49-83f8-05756bf70416.jpg","destino":"D:/New/temp/SPO/SPO55841/AVARIA/FOR/SPO55841_FOR_img_1.jpg"})
2021-01-27T17:26:36 - AVISO - (008) Exclusão de arquivo: (./downloads/ed70a146-1353-4a49-83f8-05756bf70416.jpg) >> ({"success":true,"message":"Exclusão. OK.","file":"./downloads/ed70a146-1353-4a49-83f8-05756bf70416.jpg"})
2021-01-27T17:26:36 - AVISO - (007) Copia de arquivo: (./downloads/a11667f7-a287-495c-a129-273df20b117b.jpg) => (D:/New/temp/NAT/NAT9330/CARGA/FOR/NAT9330_FOR_img_2.jpg) >> ({"success":true,"message":"Copia. OK.","origem":"./downloads/a11667f7-a287-495c-a129-273df20b117b.jpg","destino":"D:/New/temp/NAT/NAT9330/CARGA/FOR/NAT9330_FOR_img_2.jpg"})
2021-01-27T17:26:36 - INFO - (004) Obtendo imagem. (afbd40a3-ecd9-454f-9e18-e53655efea28.jpg)
2021-01-27T17:26:36 - INFO - (004) Obtendo imagem. (69336cb0-d724-4cec-baa0-d00ce507a0f2.jpg)
2021-01-27T17:26:36 - AVISO - (008) Exclusão de arquivo: (./downloads/a11667f7-a287-495c-a129-273df20b117b.jpg) >> ({"success":true,"message":"Exclusão. OK.","file":"./downloads/a11667f7-a287-495c-a129-273df20b117b.jpg"})
2021-01-27T17:26:36 - AVISO - (007) Copia de arquivo: (./downloads/8dca2888-9489-4f4c-9a8e-2fbd6fbfa9df.jpg) => (D:/New/temp/MEO/MEO6404/CARGA/FOR/MEO6404_FOR_img_1.jpg) >> ({"success":true,"message":"Copia. OK.","origem":"./downloads/8dca2888-9489-4f4c-9a8e-2fbd6fbfa9df.jpg","destino":"D:/New/temp/MEO/MEO6404/CARGA/FOR/MEO6404_FOR_img_1.jpg"})
2021-01-27T17:26:36 - INFO - (004) Obtendo imagem. (5a4f15d3-ce30-42d4-8e0f-e417cd37a3a2.jpg)
2021-01-27T17:26:36 - INFO - (004) Obtendo imagem. (581c4d95-97f1-4280-9138-8c78cc690fcf.jpg)
2021-01-27T17:26:36 - AVISO - (008) Exclusão de arquivo: (./downloads/8dca2888-9489-4f4c-9a8e-2fbd6fbfa9df.jpg) >> ({"success":true,"message":"Exclusão. OK.","file":"./downloads/8dca2888-9489-4f4c-9a8e-2fbd6fbfa9df.jpg"})
2021-01-27T17:26:36 - AVISO - (007) Copia de arquivo: (./downloads/39fb6be2-d45c-442b-b366-70b4d6e365fe.jpg) => (D:/New/temp/MEO/MEO6411/DESCARGA/FOR/MEO6411_FOR_img_1.jpg) >> ({"success":true,"message":"Copia. OK.","origem":"./downloads/39fb6be2-d45c-442b-b366-70b4d6e365fe.jpg","destino":"D:/New/temp/MEO/MEO6411/DESCARGA/FOR/MEO6411_FOR_img_1.jpg"})
2021-01-27T17:26:36 - INFO - (004) Obtendo imagem. (97302b38-10ba-4c69-9576-82dbded0e4af.jpg)
2021-01-27T17:26:36 - AVISO - (008) Exclusão de arquivo: (./downloads/39fb6be2-d45c-442b-b366-70b4d6e365fe.jpg) >> ({"success":true,"message":"Exclusão. OK.","file":"./downloads/39fb6be2-d45c-442b-b366-70b4d6e365fe.jpg"})
2021-01-27T17:26:36 - AVISO - (007) Copia de arquivo: (./downloads/cff626e3-cce3-4fa4-b8e5-6b53a1c93d16.jpg) => (D:/New/temp/SPO/SPO55943/CARGA/FOR/SPO55943_FOR_img_1.jpg) >> ({"success":true,"message":"Copia. OK.","origem":"./downloads/cff626e3-cce3-4fa4-b8e5-6b53a1c93d16.jpg","destino":"D:/New/temp/SPO/SPO55943/CARGA/FOR/SPO55943_FOR_img_1.jpg"})
2021-01-27T17:26:36 - INFO - (004) Obtendo imagem. (972eddbe-8d70-4f5d-9d78-626faac0be77.jpg)
2021-01-27T17:26:36 - AVISO - (008) Exclusão de arquivo: (./downloads/cff626e3-cce3-4fa4-b8e5-6b53a1c93d16.jpg) >> ({"success":true,"message":"Exclusão. OK.","file":"./downloads/cff626e3-cce3-4fa4-b8e5-6b53a1c93d16.jpg"})
2021-01-27T17:26:36 - AVISO - (007) Copia de arquivo: (./downloads/2c978bfa-5fcf-4de2-9444-e5e49d4056a3.jpg) => (D:/New/temp/SPO/SPO55943/DESCARGA/FOR/SPO55943_FOR_img_2.jpg) >> ({"success":true,"message":"Copia. OK.","origem":"./downloads/2c978bfa-5fcf-4de2-9444-e5e49d4056a3.jpg","destino":"D:/New/temp/SPO/SPO55943/DESCARGA/FOR/SPO55943_FOR_img_2.jpg"})
2021-01-27T17:26:36 - INFO - (004) Obtendo imagem. (05df92fc-3c6e-4574-929f-60492d3148d2.jpg)
2021-01-27T17:26:36 - INFO - (004) Obtendo imagem. (0a629a25-c6d6-4723-b1fd-822212ebfe7c.jpg)
2021-01-27T17:26:36 - AVISO - (008) Exclusão de arquivo: (./downloads/2c978bfa-5fcf-4de2-9444-e5e49d4056a3.jpg) >> ({"success":true,"message":"Exclusão. OK.","file":"./downloads/2c978bfa-5fcf-4de2-9444-e5e49d4056a3.jpg"})
2021-01-27T17:26:36 - AVISO - (007) Copia de arquivo: (./downloads/a69ea539-887e-401e-94f2-bd3a70642498.jpg) => (D:/New/temp/MEO/MEO6411/CARGA/FOR/MEO6411_FOR_img_1.jpg) >> ({"success":true,"message":"Copia. OK.","origem":"./downloads/a69ea539-887e-401e-94f2-bd3a70642498.jpg","destino":"D:/New/temp/MEO/MEO6411/CARGA/FOR/MEO6411_FOR_img_1.jpg"})
2021-01-27T17:26:36 - AVISO - (008) Exclusão de arquivo: (./downloads/a69ea539-887e-401e-94f2-bd3a70642498.jpg) >> ({"success":true,"message":"Exclusão. OK.","file":"./downloads/a69ea539-887e-401e-94f2-bd3a70642498.jpg"})
2021-01-27T17:26:36 - AVISO - (007) Copia de arquivo: (./downloads/afbd40a3-ecd9-454f-9e18-e53655efea28.jpg) => (D:/New/temp/SPO/SPO55952/AVARIA/FOR/SPO55952_FOR_img_1.jpg) >> ({"success":true,"message":"Copia. OK.","origem":"./downloads/afbd40a3-ecd9-454f-9e18-e53655efea28.jpg","destino":"D:/New/temp/SPO/SPO55952/AVARIA/FOR/SPO55952_FOR_img_1.jpg"})
2021-01-27T17:26:36 - AVISO - (008) Exclusão de arquivo: (./downloads/afbd40a3-ecd9-454f-9e18-e53655efea28.jpg) >> ({"success":true,"message":"Exclusão. OK.","file":"./downloads/afbd40a3-ecd9-454f-9e18-e53655efea28.jpg"})
2021-01-27T17:26:36 - AVISO - (007) Copia de arquivo: (./downloads/69336cb0-d724-4cec-baa0-d00ce507a0f2.jpg) => (D:/New/temp/SPO/SPO55943/DESCARGA/FOR/SPO55943_FOR_img_3.jpg) >> ({"success":true,"message":"Copia. OK.","origem":"./downloads/69336cb0-d724-4cec-baa0-d00ce507a0f2.jpg","destino":"D:/New/temp/SPO/SPO55943/DESCARGA/FOR/SPO55943_FOR_img_3.jpg"})
2021-01-27T17:26:36 - AVISO - (008) Exclusão de arquivo: (./downloads/69336cb0-d724-4cec-baa0-d00ce507a0f2.jpg) >> ({"success":true,"message":"Exclusão. OK.","file":"./downloads/69336cb0-d724-4cec-baa0-d00ce507a0f2.jpg"})
2021-01-27T17:26:36 - AVISO - (007) Copia de arquivo: (./downloads/581c4d95-97f1-4280-9138-8c78cc690fcf.jpg) => (D:/New/temp/SPO/SPO55943/CARGA/FOR/SPO55943_FOR_img_3.jpg) >> ({"success":true,"message":"Copia. OK.","origem":"./downloads/581c4d95-97f1-4280-9138-8c78cc690fcf.jpg","destino":"D:/New/temp/SPO/SPO55943/CARGA/FOR/SPO55943_FOR_img_3.jpg"})
2021-01-27T17:26:36 - AVISO - (008) Exclusão de arquivo: (./downloads/581c4d95-97f1-4280-9138-8c78cc690fcf.jpg) >> ({"success":true,"message":"Exclusão. OK.","file":"./downloads/581c4d95-97f1-4280-9138-8c78cc690fcf.jpg"})
2021-01-27T17:26:36 - AVISO - (007) Copia de arquivo: (./downloads/972eddbe-8d70-4f5d-9d78-626faac0be77.jpg) => (D:/New/temp/SPO/SPO55943/DESCARGA/FOR/SPO55943_FOR_img_4.jpg) >> ({"success":true,"message":"Copia. OK.","origem":"./downloads/972eddbe-8d70-4f5d-9d78-626faac0be77.jpg","destino":"D:/New/temp/SPO/SPO55943/DESCARGA/FOR/SPO55943_FOR_img_4.jpg"})
2021-01-27T17:26:36 - INFO - (004) Obtendo imagem. (26a9d68c-29b0-49cb-b268-983aefd6a99b.jpg)
2021-01-27T17:26:36 - AVISO - (007) Copia de arquivo: (./downloads/97302b38-10ba-4c69-9576-82dbded0e4af.jpg) => (D:/New/temp/NAT/NAT9330/CARGA/FOR/NAT9330_FOR_img_3.jpg) >> ({"success":true,"message":"Copia. OK.","origem":"./downloads/97302b38-10ba-4c69-9576-82dbded0e4af.jpg","destino":"D:/New/temp/NAT/NAT9330/CARGA/FOR/NAT9330_FOR_img_3.jpg"})
2021-01-27T17:26:36 - AVISO - (008) Exclusão de arquivo: (./downloads/97302b38-10ba-4c69-9576-82dbded0e4af.jpg) >> ({"success":true,"message":"Exclusão. OK.","file":"./downloads/97302b38-10ba-4c69-9576-82dbded0e4af.jpg"})
2021-01-27T17:26:36 - AVISO - (007) Copia de arquivo: (./downloads/5a4f15d3-ce30-42d4-8e0f-e417cd37a3a2.jpg) => (D:/New/temp/SPO/SPO55943/CARGA/FOR/SPO55943_FOR_img_2.jpg) >> ({"success":true,"message":"Copia. OK.","origem":"./downloads/5a4f15d3-ce30-42d4-8e0f-e417cd37a3a2.jpg","destino":"D:/New/temp/SPO/SPO55943/CARGA/FOR/SPO55943_FOR_img_2.jpg"})
2021-01-27T17:26:36 - AVISO - (007) Copia de arquivo: (./downloads/05df92fc-3c6e-4574-929f-60492d3148d2.jpg) => (D:/New/temp/MEO/MEO6404/CARGA/FOR/MEO6404_FOR_img_2.jpg) >> ({"success":true,"message":"Copia. OK.","origem":"./downloads/05df92fc-3c6e-4574-929f-60492d3148d2.jpg","destino":"D:/New/temp/MEO/MEO6404/CARGA/FOR/MEO6404_FOR_img_2.jpg"})
2021-01-27T17:26:36 - AVISO - (008) Exclusão de arquivo: (./downloads/972eddbe-8d70-4f5d-9d78-626faac0be77.jpg) >> ({"success":true,"message":"Exclusão. OK.","file":"./downloads/972eddbe-8d70-4f5d-9d78-626faac0be77.jpg"})
2021-01-27T17:26:36 - AVISO - (008) Exclusão de arquivo: (./downloads/5a4f15d3-ce30-42d4-8e0f-e417cd37a3a2.jpg) >> ({"success":true,"message":"Exclusão. OK.","file":"./downloads/5a4f15d3-ce30-42d4-8e0f-e417cd37a3a2.jpg"})
2021-01-27T17:26:36 - AVISO - (008) Exclusão de arquivo: (./downloads/05df92fc-3c6e-4574-929f-60492d3148d2.jpg) >> ({"success":true,"message":"Exclusão. OK.","file":"./downloads/05df92fc-3c6e-4574-929f-60492d3148d2.jpg"})
2021-01-27T17:26:36 - AVISO - (007) Copia de arquivo: (./downloads/0a629a25-c6d6-4723-b1fd-822212ebfe7c.jpg) => (D:/New/temp/SPO/SPO55841/CARGA/FOR/SPO55841_FOR_img_2.jpg) >> ({"success":true,"message":"Copia. OK.","origem":"./downloads/0a629a25-c6d6-4723-b1fd-822212ebfe7c.jpg","destino":"D:/New/temp/SPO/SPO55841/CARGA/FOR/SPO55841_FOR_img_2.jpg"})
2021-01-27T17:26:36 - AVISO - (007) Copia de arquivo: (./downloads/26a9d68c-29b0-49cb-b268-983aefd6a99b.jpg) => (D:/New/temp/SPO/SPO55943/VAZIO/FOR/SPO55943_FOR_img_1.jpg) >> ({"success":true,"message":"Copia. OK.","origem":"./downloads/26a9d68c-29b0-49cb-b268-983aefd6a99b.jpg","destino":"D:/New/temp/SPO/SPO55943/VAZIO/FOR/SPO55943_FOR_img_1.jpg"})
2021-01-27T17:26:36 - AVISO - (008) Exclusão de arquivo: (./downloads/0a629a25-c6d6-4723-b1fd-822212ebfe7c.jpg) >> ({"success":true,"message":"Exclusão. OK.","file":"./downloads/0a629a25-c6d6-4723-b1fd-822212ebfe7c.jpg"})
2021-01-27T17:26:36 - AVISO - (008) Exclusão de arquivo: (./downloads/26a9d68c-29b0-49cb-b268-983aefd6a99b.jpg) >> ({"success":true,"message":"Exclusão. OK.","file":"./downloads/26a9d68c-29b0-49cb-b268-983aefd6a99b.jpg"})
2021-01-27T17:26:37 - AVISO - (009) Registro de Baixa SCCD na API: ID:(17) >> ({"rowsAffected":1,"msg":"OK","Erro":"","success":true,"message":"Baixado com sucesso !!!","id":17})
2021-01-27T17:26:37 - AVISO - (009) Registro de Baixa SCCD na API: ID:(18) >> ({"rowsAffected":1,"msg":"OK","Erro":"","success":true,"message":"Baixado com sucesso !!!","id":18})
2021-01-27T17:26:37 - AVISO - (009) Registro de Baixa SCCD na API: ID:(9) >> ({"rowsAffected":1,"msg":"OK","Erro":"","success":true,"message":"Baixado com sucesso !!!","id":9})
2021-01-27T17:26:37 - AVISO - (009) Registro de Baixa SCCD na API: ID:(25) >> ({"rowsAffected":1,"msg":"OK","Erro":"","success":true,"message":"Baixado com sucesso !!!","id":25})
2021-01-27T17:26:37 - AVISO - (009) Registro de Baixa SCCD na API: ID:(16) >> ({"rowsAffected":1,"msg":"OK","Erro":"","success":true,"message":"Baixado com sucesso !!!","id":16})
2021-01-27T17:26:37 - AVISO - (009) Registro de Baixa SCCD na API: ID:(2) >> ({"rowsAffected":1,"msg":"OK","Erro":"","success":true,"message":"Baixado com sucesso !!!","id":2})
2021-01-27T17:26:37 - AVISO - (009) Registro de Baixa SCCD na API: ID:(13) >> ({"rowsAffected":1,"msg":"OK","Erro":"","success":true,"message":"Baixado com sucesso !!!","id":13})
2021-01-27T17:26:37 - AVISO - (009) Registro de Baixa SCCD na API: ID:(31) >> ({"rowsAffected":1,"msg":"OK","Erro":"","success":true,"message":"Baixado com sucesso !!!","id":31})
2021-01-27T17:26:37 - AVISO - (009) Registro de Baixa SCCD na API: ID:(29) >> ({"rowsAffected":1,"msg":"OK","Erro":"","success":true,"message":"Baixado com sucesso !!!","id":29})
2021-01-27T17:26:37 - AVISO - (009) Registro de Baixa SCCD na API: ID:(20) >> ({"rowsAffected":1,"msg":"OK","Erro":"","success":true,"message":"Baixado com sucesso !!!","id":20})
2021-01-27T17:26:37 - AVISO - (009) Registro de Baixa SCCD na API: ID:(28) >> ({"rowsAffected":1,"msg":"OK","Erro":"","success":true,"message":"Baixado com sucesso !!!","id":28})
2021-01-27T17:26:37 - AVISO - (009) Registro de Baixa SCCD na API: ID:(19) >> ({"rowsAffected":1,"msg":"OK","Erro":"","success":true,"message":"Baixado com sucesso !!!","id":19})
2021-01-27T17:26:37 - AVISO - (009) Registro de Baixa SCCD na API: ID:(21) >> ({"rowsAffected":1,"msg":"OK","Erro":"","success":true,"message":"Baixado com sucesso !!!","id":21})
2021-01-27T17:26:37 - AVISO - (009) Registro de Baixa SCCD na API: ID:(26) >> ({"rowsAffected":1,"msg":"OK","Erro":"","success":true,"message":"Baixado com sucesso !!!","id":26})
2021-01-27T17:26:37 - AVISO - (009) Registro de Baixa SCCD na API: ID:(24) >> ({"rowsAffected":1,"msg":"OK","Erro":"","success":true,"message":"Baixado com sucesso !!!","id":24})
2021-01-27T17:26:37 - AVISO - (009) Registro de Baixa SCCD na API: ID:(22) >> ({"rowsAffected":1,"msg":"OK","Erro":"","success":true,"message":"Baixado com sucesso !!!","id":22})
2021-01-27T17:26:37 - AVISO - (009) Registro de Baixa SCCD na API: ID:(11) >> ({"rowsAffected":1,"msg":"OK","Erro":"","success":true,"message":"Baixado com sucesso !!!","id":11})
2021-01-27T17:26:37 - AVISO - (009) Registro de Baixa SCCD na API: ID:(23) >> ({"rowsAffected":1,"msg":"OK","Erro":"","success":true,"message":"Baixado com sucesso !!!","id":23})
2021-01-27T17:26:37 - AVISO - (009) Registro de Baixa SCCD na API: ID:(30) >> ({"rowsAffected":1,"msg":"OK","Erro":"","success":true,"message":"Baixado com sucesso !!!","id":30})
2021-01-27T17:26:37 - AVISO - (009) Registro de Baixa SCCD na API: ID:(27) >> ({"rowsAffected":1,"msg":"OK","Erro":"","success":true,"message":"Baixado com sucesso !!!","id":27})
2021-01-27T17:26:37 - AVISO - (009) Registro de Baixa SCCD na API: ID:(15) >> ({"rowsAffected":1,"msg":"OK","Erro":"","success":true,"message":"Baixado com sucesso !!!","id":15})
2021-01-27T17:27:44 - INFO - (011) Retorno da API. ( 1 itens )
2021-01-27T17:27:44 - AVISO - (010) StartListaSCCD
2021-01-27T17:27:44 - INFO - (004) Obtendo imagem. (d8870052-def2-48bd-83a3-70f5d9aca4cd.jpg)
2021-01-27T17:27:44 - AVISO - (007) Copia de arquivo: (./downloads/d8870052-def2-48bd-83a3-70f5d9aca4cd.jpg) => (D:/New/temp/SPO/SPO55841/DESCARGA/FOR/SPO55841_FOR_img_4.jpg) >> ({"success":true,"message":"Copia. OK.","origem":"./downloads/d8870052-def2-48bd-83a3-70f5d9aca4cd.jpg","destino":"D:/New/temp/SPO/SPO55841/DESCARGA/FOR/SPO55841_FOR_img_4.jpg"})
2021-01-27T17:27:44 - AVISO - (008) Exclusão de arquivo: (./downloads/d8870052-def2-48bd-83a3-70f5d9aca4cd.jpg) >> ({"success":true,"message":"Exclusão. OK.","file":"./downloads/d8870052-def2-48bd-83a3-70f5d9aca4cd.jpg"})
2021-01-27T17:27:44 - AVISO - (009) Registro de Baixa SCCD na API: ID:(1) >> ({"rowsAffected":1,"msg":"OK","Erro":"","success":true,"message":"Baixado com sucesso !!!","id":1})
2021-01-27T17:46:27 - INFO - (011) Retorno da API. ( 1 itens )
2021-01-27T17:46:27 - AVISO - (010) StartListaSCCD
2021-01-27T17:46:27 - INFO - (004) Obtendo imagem. (c8e14694-ce28-4a29-8e08-ea1a164d32c5.jpg)
2021-01-27T17:46:27 - AVISO - (007) Copia de arquivo: (./downloads/c8e14694-ce28-4a29-8e08-ea1a164d32c5.jpg) => (D:/New/temp/MEO/MEO6404/DESCARGA/FOR/MEO6404_FOR_img_1.jpg) >> ({"success":true,"message":"Copia. OK.","origem":"./downloads/c8e14694-ce28-4a29-8e08-ea1a164d32c5.jpg","destino":"D:/New/temp/MEO/MEO6404/DESCARGA/FOR/MEO6404_FOR_img_1.jpg"})
2021-01-27T17:46:27 - AVISO - (008) Exclusão de arquivo: (./downloads/c8e14694-ce28-4a29-8e08-ea1a164d32c5.jpg) >> ({"success":true,"message":"Exclusão. OK.","file":"./downloads/c8e14694-ce28-4a29-8e08-ea1a164d32c5.jpg"})
2021-01-27T17:46:27 - AVISO - (009) Registro de Baixa SCCD na API: ID:(32) >> ({"rowsAffected":1,"msg":"OK","Erro":"","success":true,"message":"Baixado com sucesso !!!","id":32})
